[2021-01-28T14:49:04,138][ERROR][o.e.b.Bootstrap          ] [] Exception
java.lang.IllegalStateException: modules directory [/Users/zhangfengxin/idea_workspace/elasticsearch/data/modules] not found
	at org.elasticsearch.bootstrap.Spawner.spawnNativeControllers(Spawner.java:68) ~[classes/:?]
	at org.elasticsearch.bootstrap.Bootstrap.setup(Bootstrap.java:173) ~[classes/:?]
	at org.elasticsearch.bootstrap.Bootstrap.init(Bootstrap.java:398) [classes/:?]
	at org.elasticsearch.bootstrap.Elasticsearch.init(Elasticsearch.java:170) [classes/:?]
	at org.elasticsearch.bootstrap.Elasticsearch.execute(Elasticsearch.java:161) [classes/:?]
	at org.elasticsearch.cli.EnvironmentAwareCommand.execute(EnvironmentAwareCommand.java:86) [classes/:?]
	at org.elasticsearch.cli.Command.mainWithoutErrorHandling(Command.java:127) [classes/:?]
	at org.elasticsearch.cli.Command.main(Command.java:90) [classes/:?]
	at org.elasticsearch.bootstrap.Elasticsearch.main(Elasticsearch.java:126) [classes/:?]
	at org.elasticsearch.bootstrap.Elasticsearch.main(Elasticsearch.java:92) [classes/:?]
[2021-01-28T14:49:04,156][ERROR][o.e.b.ElasticsearchUncaughtExceptionHandler] [] uncaught exception in thread [main]
org.elasticsearch.bootstrap.StartupException: java.lang.IllegalStateException: modules directory [/Users/zhangfengxin/idea_workspace/elasticsearch/data/modules] not found
	at org.elasticsearch.bootstrap.Elasticsearch.init(Elasticsearch.java:174) ~[classes/:?]
	at org.elasticsearch.bootstrap.Elasticsearch.execute(Elasticsearch.java:161) ~[classes/:?]
	at org.elasticsearch.cli.EnvironmentAwareCommand.execute(EnvironmentAwareCommand.java:86) ~[classes/:?]
	at org.elasticsearch.cli.Command.mainWithoutErrorHandling(Command.java:127) ~[classes/:?]
	at org.elasticsearch.cli.Command.main(Command.java:90) ~[classes/:?]
	at org.elasticsearch.bootstrap.Elasticsearch.main(Elasticsearch.java:126) ~[classes/:?]
	at org.elasticsearch.bootstrap.Elasticsearch.main(Elasticsearch.java:92) ~[classes/:?]
Caused by: java.lang.IllegalStateException: modules directory [/Users/zhangfengxin/idea_workspace/elasticsearch/data/modules] not found
	at org.elasticsearch.bootstrap.Spawner.spawnNativeControllers(Spawner.java:68) ~[classes/:?]
	at org.elasticsearch.bootstrap.Bootstrap.setup(Bootstrap.java:173) ~[classes/:?]
	at org.elasticsearch.bootstrap.Bootstrap.init(Bootstrap.java:398) ~[classes/:?]
	at org.elasticsearch.bootstrap.Elasticsearch.init(Elasticsearch.java:170) ~[classes/:?]
	... 6 more
[2021-01-28T14:54:04,262][ERROR][o.e.b.Bootstrap          ] [] Exception
java.lang.IllegalArgumentException: module policy [/Users/zhangfengxin/idea_workspace/elasticsearch/data/modules/transport-netty4/plugin-security.policy] contains illegal permission ("java.lang.RuntimePermission" "*") for jar file:/Users/zhangfengxin/idea_workspace/elasticsearch/data/modules/transport-netty4/netty-common-4.1.49.Final.jar
	at org.elasticsearch.bootstrap.PolicyUtil.validatePolicyPermissionsForJar(PolicyUtil.java:311) ~[classes/:?]
	at org.elasticsearch.bootstrap.PolicyUtil.validatePolicyPermissions(PolicyUtil.java:323) ~[classes/:?]
	at org.elasticsearch.bootstrap.PolicyUtil.getModulePolicyInfo(PolicyUtil.java:341) ~[classes/:?]
	at org.elasticsearch.bootstrap.Security.getPluginAndModulePermissions(Security.java:155) ~[classes/:?]
	at org.elasticsearch.bootstrap.Security.configure(Security.java:116) ~[classes/:?]
	at org.elasticsearch.bootstrap.Bootstrap.setup(Bootstrap.java:222) ~[classes/:?]
	at org.elasticsearch.bootstrap.Bootstrap.init(Bootstrap.java:398) [classes/:?]
	at org.elasticsearch.bootstrap.Elasticsearch.init(Elasticsearch.java:170) [classes/:?]
	at org.elasticsearch.bootstrap.Elasticsearch.execute(Elasticsearch.java:161) [classes/:?]
	at org.elasticsearch.cli.EnvironmentAwareCommand.execute(EnvironmentAwareCommand.java:86) [classes/:?]
	at org.elasticsearch.cli.Command.mainWithoutErrorHandling(Command.java:127) [classes/:?]
	at org.elasticsearch.cli.Command.main(Command.java:90) [classes/:?]
	at org.elasticsearch.bootstrap.Elasticsearch.main(Elasticsearch.java:126) [classes/:?]
	at org.elasticsearch.bootstrap.Elasticsearch.main(Elasticsearch.java:92) [classes/:?]
[2021-01-28T14:54:04,272][ERROR][o.e.b.ElasticsearchUncaughtExceptionHandler] [] uncaught exception in thread [main]
org.elasticsearch.bootstrap.StartupException: java.lang.IllegalArgumentException: module policy [/Users/zhangfengxin/idea_workspace/elasticsearch/data/modules/transport-netty4/plugin-security.policy] contains illegal permission ("java.lang.RuntimePermission" "*") for jar file:/Users/zhangfengxin/idea_workspace/elasticsearch/data/modules/transport-netty4/netty-common-4.1.49.Final.jar
	at org.elasticsearch.bootstrap.Elasticsearch.init(Elasticsearch.java:174) ~[classes/:?]
	at org.elasticsearch.bootstrap.Elasticsearch.execute(Elasticsearch.java:161) ~[classes/:?]
	at org.elasticsearch.cli.EnvironmentAwareCommand.execute(EnvironmentAwareCommand.java:86) ~[classes/:?]
	at org.elasticsearch.cli.Command.mainWithoutErrorHandling(Command.java:127) ~[classes/:?]
	at org.elasticsearch.cli.Command.main(Command.java:90) ~[classes/:?]
	at org.elasticsearch.bootstrap.Elasticsearch.main(Elasticsearch.java:126) ~[classes/:?]
	at org.elasticsearch.bootstrap.Elasticsearch.main(Elasticsearch.java:92) ~[classes/:?]
Caused by: java.lang.IllegalArgumentException: module policy [/Users/zhangfengxin/idea_workspace/elasticsearch/data/modules/transport-netty4/plugin-security.policy] contains illegal permission ("java.lang.RuntimePermission" "*") for jar file:/Users/zhangfengxin/idea_workspace/elasticsearch/data/modules/transport-netty4/netty-common-4.1.49.Final.jar
	at org.elasticsearch.bootstrap.PolicyUtil.validatePolicyPermissionsForJar(PolicyUtil.java:311) ~[classes/:?]
	at org.elasticsearch.bootstrap.PolicyUtil.validatePolicyPermissions(PolicyUtil.java:323) ~[classes/:?]
	at org.elasticsearch.bootstrap.PolicyUtil.getModulePolicyInfo(PolicyUtil.java:341) ~[classes/:?]
	at org.elasticsearch.bootstrap.Security.getPluginAndModulePermissions(Security.java:155) ~[classes/:?]
	at org.elasticsearch.bootstrap.Security.configure(Security.java:116) ~[classes/:?]
	at org.elasticsearch.bootstrap.Bootstrap.setup(Bootstrap.java:222) ~[classes/:?]
	at org.elasticsearch.bootstrap.Bootstrap.init(Bootstrap.java:398) ~[classes/:?]
	at org.elasticsearch.bootstrap.Elasticsearch.init(Elasticsearch.java:170) ~[classes/:?]
	... 6 more
[2021-01-28T15:12:19,633][ERROR][o.e.b.Bootstrap          ] [] Exception
java.lang.IllegalArgumentException: module policy [/Users/zhangfengxin/idea_workspace/elasticsearch/data/modules/transport-netty4/plugin-security.policy] contains illegal permission ("java.lang.RuntimePermission" "*") for jar file:/Users/zhangfengxin/idea_workspace/elasticsearch/data/modules/transport-netty4/netty-common-4.1.49.Final.jar
	at org.elasticsearch.bootstrap.PolicyUtil.validatePolicyPermissionsForJar(PolicyUtil.java:311) ~[classes/:?]
	at org.elasticsearch.bootstrap.PolicyUtil.validatePolicyPermissions(PolicyUtil.java:323) ~[classes/:?]
	at org.elasticsearch.bootstrap.PolicyUtil.getModulePolicyInfo(PolicyUtil.java:341) ~[classes/:?]
	at org.elasticsearch.bootstrap.Security.getPluginAndModulePermissions(Security.java:155) ~[classes/:?]
	at org.elasticsearch.bootstrap.Security.configure(Security.java:116) ~[classes/:?]
	at org.elasticsearch.bootstrap.Bootstrap.setup(Bootstrap.java:222) ~[classes/:?]
	at org.elasticsearch.bootstrap.Bootstrap.init(Bootstrap.java:398) [classes/:?]
	at org.elasticsearch.bootstrap.Elasticsearch.init(Elasticsearch.java:170) [classes/:?]
	at org.elasticsearch.bootstrap.Elasticsearch.execute(Elasticsearch.java:161) [classes/:?]
	at org.elasticsearch.cli.EnvironmentAwareCommand.execute(EnvironmentAwareCommand.java:86) [classes/:?]
	at org.elasticsearch.cli.Command.mainWithoutErrorHandling(Command.java:127) [classes/:?]
	at org.elasticsearch.cli.Command.main(Command.java:90) [classes/:?]
	at org.elasticsearch.bootstrap.Elasticsearch.main(Elasticsearch.java:126) [classes/:?]
	at org.elasticsearch.bootstrap.Elasticsearch.main(Elasticsearch.java:92) [classes/:?]
[2021-01-28T15:12:19,645][ERROR][o.e.b.ElasticsearchUncaughtExceptionHandler] [] uncaught exception in thread [main]
org.elasticsearch.bootstrap.StartupException: java.lang.IllegalArgumentException: module policy [/Users/zhangfengxin/idea_workspace/elasticsearch/data/modules/transport-netty4/plugin-security.policy] contains illegal permission ("java.lang.RuntimePermission" "*") for jar file:/Users/zhangfengxin/idea_workspace/elasticsearch/data/modules/transport-netty4/netty-common-4.1.49.Final.jar
	at org.elasticsearch.bootstrap.Elasticsearch.init(Elasticsearch.java:174) ~[classes/:?]
	at org.elasticsearch.bootstrap.Elasticsearch.execute(Elasticsearch.java:161) ~[classes/:?]
	at org.elasticsearch.cli.EnvironmentAwareCommand.execute(EnvironmentAwareCommand.java:86) ~[classes/:?]
	at org.elasticsearch.cli.Command.mainWithoutErrorHandling(Command.java:127) ~[classes/:?]
	at org.elasticsearch.cli.Command.main(Command.java:90) ~[classes/:?]
	at org.elasticsearch.bootstrap.Elasticsearch.main(Elasticsearch.java:126) ~[classes/:?]
	at org.elasticsearch.bootstrap.Elasticsearch.main(Elasticsearch.java:92) ~[classes/:?]
Caused by: java.lang.IllegalArgumentException: module policy [/Users/zhangfengxin/idea_workspace/elasticsearch/data/modules/transport-netty4/plugin-security.policy] contains illegal permission ("java.lang.RuntimePermission" "*") for jar file:/Users/zhangfengxin/idea_workspace/elasticsearch/data/modules/transport-netty4/netty-common-4.1.49.Final.jar
	at org.elasticsearch.bootstrap.PolicyUtil.validatePolicyPermissionsForJar(PolicyUtil.java:311) ~[classes/:?]
	at org.elasticsearch.bootstrap.PolicyUtil.validatePolicyPermissions(PolicyUtil.java:323) ~[classes/:?]
	at org.elasticsearch.bootstrap.PolicyUtil.getModulePolicyInfo(PolicyUtil.java:341) ~[classes/:?]
	at org.elasticsearch.bootstrap.Security.getPluginAndModulePermissions(Security.java:155) ~[classes/:?]
	at org.elasticsearch.bootstrap.Security.configure(Security.java:116) ~[classes/:?]
	at org.elasticsearch.bootstrap.Bootstrap.setup(Bootstrap.java:222) ~[classes/:?]
	at org.elasticsearch.bootstrap.Bootstrap.init(Bootstrap.java:398) ~[classes/:?]
	at org.elasticsearch.bootstrap.Elasticsearch.init(Elasticsearch.java:170) ~[classes/:?]
	... 6 more
[2021-01-28T15:12:33,138][ERROR][o.e.b.Bootstrap          ] [] Exception
java.lang.IllegalArgumentException: module policy [/Users/zhangfengxin/idea_workspace/elasticsearch/data/modules/transport-netty4/plugin-security.policy] contains illegal permission ("java.lang.RuntimePermission" "*") for jar file:/Users/zhangfengxin/idea_workspace/elasticsearch/data/modules/transport-netty4/netty-common-4.1.49.Final.jar
	at org.elasticsearch.bootstrap.PolicyUtil.validatePolicyPermissionsForJar(PolicyUtil.java:311) ~[classes/:?]
	at org.elasticsearch.bootstrap.PolicyUtil.validatePolicyPermissions(PolicyUtil.java:323) ~[classes/:?]
	at org.elasticsearch.bootstrap.PolicyUtil.getModulePolicyInfo(PolicyUtil.java:341) ~[classes/:?]
	at org.elasticsearch.bootstrap.Security.getPluginAndModulePermissions(Security.java:155) ~[classes/:?]
	at org.elasticsearch.bootstrap.Security.configure(Security.java:116) ~[classes/:?]
	at org.elasticsearch.bootstrap.Bootstrap.setup(Bootstrap.java:222) ~[classes/:?]
	at org.elasticsearch.bootstrap.Bootstrap.init(Bootstrap.java:398) [classes/:?]
	at org.elasticsearch.bootstrap.Elasticsearch.init(Elasticsearch.java:170) [classes/:?]
	at org.elasticsearch.bootstrap.Elasticsearch.execute(Elasticsearch.java:161) [classes/:?]
	at org.elasticsearch.cli.EnvironmentAwareCommand.execute(EnvironmentAwareCommand.java:86) [classes/:?]
	at org.elasticsearch.cli.Command.mainWithoutErrorHandling(Command.java:127) [classes/:?]
	at org.elasticsearch.cli.Command.main(Command.java:90) [classes/:?]
	at org.elasticsearch.bootstrap.Elasticsearch.main(Elasticsearch.java:126) [classes/:?]
	at org.elasticsearch.bootstrap.Elasticsearch.main(Elasticsearch.java:92) [classes/:?]
[2021-01-28T15:12:33,160][ERROR][o.e.b.ElasticsearchUncaughtExceptionHandler] [] uncaught exception in thread [main]
org.elasticsearch.bootstrap.StartupException: java.lang.IllegalArgumentException: module policy [/Users/zhangfengxin/idea_workspace/elasticsearch/data/modules/transport-netty4/plugin-security.policy] contains illegal permission ("java.lang.RuntimePermission" "*") for jar file:/Users/zhangfengxin/idea_workspace/elasticsearch/data/modules/transport-netty4/netty-common-4.1.49.Final.jar
	at org.elasticsearch.bootstrap.Elasticsearch.init(Elasticsearch.java:174) ~[classes/:?]
	at org.elasticsearch.bootstrap.Elasticsearch.execute(Elasticsearch.java:161) ~[classes/:?]
	at org.elasticsearch.cli.EnvironmentAwareCommand.execute(EnvironmentAwareCommand.java:86) ~[classes/:?]
	at org.elasticsearch.cli.Command.mainWithoutErrorHandling(Command.java:127) ~[classes/:?]
	at org.elasticsearch.cli.Command.main(Command.java:90) ~[classes/:?]
	at org.elasticsearch.bootstrap.Elasticsearch.main(Elasticsearch.java:126) ~[classes/:?]
	at org.elasticsearch.bootstrap.Elasticsearch.main(Elasticsearch.java:92) ~[classes/:?]
Caused by: java.lang.IllegalArgumentException: module policy [/Users/zhangfengxin/idea_workspace/elasticsearch/data/modules/transport-netty4/plugin-security.policy] contains illegal permission ("java.lang.RuntimePermission" "*") for jar file:/Users/zhangfengxin/idea_workspace/elasticsearch/data/modules/transport-netty4/netty-common-4.1.49.Final.jar
	at org.elasticsearch.bootstrap.PolicyUtil.validatePolicyPermissionsForJar(PolicyUtil.java:311) ~[classes/:?]
	at org.elasticsearch.bootstrap.PolicyUtil.validatePolicyPermissions(PolicyUtil.java:323) ~[classes/:?]
	at org.elasticsearch.bootstrap.PolicyUtil.getModulePolicyInfo(PolicyUtil.java:341) ~[classes/:?]
	at org.elasticsearch.bootstrap.Security.getPluginAndModulePermissions(Security.java:155) ~[classes/:?]
	at org.elasticsearch.bootstrap.Security.configure(Security.java:116) ~[classes/:?]
	at org.elasticsearch.bootstrap.Bootstrap.setup(Bootstrap.java:222) ~[classes/:?]
	at org.elasticsearch.bootstrap.Bootstrap.init(Bootstrap.java:398) ~[classes/:?]
	at org.elasticsearch.bootstrap.Elasticsearch.init(Elasticsearch.java:170) ~[classes/:?]
	... 6 more
[2021-01-28T15:12:46,213][ERROR][o.e.b.Bootstrap          ] [] Exception
java.lang.IllegalArgumentException: module policy [/Users/zhangfengxin/idea_workspace/elasticsearch/data/modules/transport-netty4/plugin-security.policy] contains illegal permission ("java.lang.RuntimePermission" "*") for jar file:/Users/zhangfengxin/idea_workspace/elasticsearch/data/modules/transport-netty4/netty-common-4.1.49.Final.jar
	at org.elasticsearch.bootstrap.PolicyUtil.validatePolicyPermissionsForJar(PolicyUtil.java:311) ~[classes/:?]
	at org.elasticsearch.bootstrap.PolicyUtil.validatePolicyPermissions(PolicyUtil.java:323) ~[classes/:?]
	at org.elasticsearch.bootstrap.PolicyUtil.getModulePolicyInfo(PolicyUtil.java:341) ~[classes/:?]
	at org.elasticsearch.bootstrap.Security.getPluginAndModulePermissions(Security.java:155) ~[classes/:?]
	at org.elasticsearch.bootstrap.Security.configure(Security.java:116) ~[classes/:?]
	at org.elasticsearch.bootstrap.Bootstrap.setup(Bootstrap.java:222) ~[classes/:?]
	at org.elasticsearch.bootstrap.Bootstrap.init(Bootstrap.java:398) [classes/:?]
	at org.elasticsearch.bootstrap.Elasticsearch.init(Elasticsearch.java:170) [classes/:?]
	at org.elasticsearch.bootstrap.Elasticsearch.execute(Elasticsearch.java:161) [classes/:?]
	at org.elasticsearch.cli.EnvironmentAwareCommand.execute(EnvironmentAwareCommand.java:86) [classes/:?]
	at org.elasticsearch.cli.Command.mainWithoutErrorHandling(Command.java:127) [classes/:?]
	at org.elasticsearch.cli.Command.main(Command.java:90) [classes/:?]
	at org.elasticsearch.bootstrap.Elasticsearch.main(Elasticsearch.java:126) [classes/:?]
	at org.elasticsearch.bootstrap.Elasticsearch.main(Elasticsearch.java:92) [classes/:?]
[2021-01-28T15:12:46,227][ERROR][o.e.b.ElasticsearchUncaughtExceptionHandler] [] uncaught exception in thread [main]
org.elasticsearch.bootstrap.StartupException: java.lang.IllegalArgumentException: module policy [/Users/zhangfengxin/idea_workspace/elasticsearch/data/modules/transport-netty4/plugin-security.policy] contains illegal permission ("java.lang.RuntimePermission" "*") for jar file:/Users/zhangfengxin/idea_workspace/elasticsearch/data/modules/transport-netty4/netty-common-4.1.49.Final.jar
	at org.elasticsearch.bootstrap.Elasticsearch.init(Elasticsearch.java:174) ~[classes/:?]
	at org.elasticsearch.bootstrap.Elasticsearch.execute(Elasticsearch.java:161) ~[classes/:?]
	at org.elasticsearch.cli.EnvironmentAwareCommand.execute(EnvironmentAwareCommand.java:86) ~[classes/:?]
	at org.elasticsearch.cli.Command.mainWithoutErrorHandling(Command.java:127) ~[classes/:?]
	at org.elasticsearch.cli.Command.main(Command.java:90) ~[classes/:?]
	at org.elasticsearch.bootstrap.Elasticsearch.main(Elasticsearch.java:126) ~[classes/:?]
	at org.elasticsearch.bootstrap.Elasticsearch.main(Elasticsearch.java:92) ~[classes/:?]
Caused by: java.lang.IllegalArgumentException: module policy [/Users/zhangfengxin/idea_workspace/elasticsearch/data/modules/transport-netty4/plugin-security.policy] contains illegal permission ("java.lang.RuntimePermission" "*") for jar file:/Users/zhangfengxin/idea_workspace/elasticsearch/data/modules/transport-netty4/netty-common-4.1.49.Final.jar
	at org.elasticsearch.bootstrap.PolicyUtil.validatePolicyPermissionsForJar(PolicyUtil.java:311) ~[classes/:?]
	at org.elasticsearch.bootstrap.PolicyUtil.validatePolicyPermissions(PolicyUtil.java:323) ~[classes/:?]
	at org.elasticsearch.bootstrap.PolicyUtil.getModulePolicyInfo(PolicyUtil.java:341) ~[classes/:?]
	at org.elasticsearch.bootstrap.Security.getPluginAndModulePermissions(Security.java:155) ~[classes/:?]
	at org.elasticsearch.bootstrap.Security.configure(Security.java:116) ~[classes/:?]
	at org.elasticsearch.bootstrap.Bootstrap.setup(Bootstrap.java:222) ~[classes/:?]
	at org.elasticsearch.bootstrap.Bootstrap.init(Bootstrap.java:398) ~[classes/:?]
	at org.elasticsearch.bootstrap.Elasticsearch.init(Elasticsearch.java:170) ~[classes/:?]
	... 6 more
[2021-01-28T16:07:08,441][ERROR][o.e.b.Bootstrap          ] [] Exception
java.lang.IllegalArgumentException: module policy [/Users/zhangfengxin/idea_workspace/elasticsearch/data/modules/transport-netty4/plugin-security.policy] contains illegal permission ("java.lang.RuntimePermission" "*") for jar file:/Users/zhangfengxin/idea_workspace/elasticsearch/data/modules/transport-netty4/netty-common-4.1.49.Final.jar
	at org.elasticsearch.bootstrap.PolicyUtil.validatePolicyPermissionsForJar(PolicyUtil.java:311) ~[classes/:?]
	at org.elasticsearch.bootstrap.PolicyUtil.validatePolicyPermissions(PolicyUtil.java:323) ~[classes/:?]
	at org.elasticsearch.bootstrap.PolicyUtil.getModulePolicyInfo(PolicyUtil.java:341) ~[classes/:?]
	at org.elasticsearch.bootstrap.Security.getPluginAndModulePermissions(Security.java:155) ~[classes/:?]
	at org.elasticsearch.bootstrap.Security.configure(Security.java:116) ~[classes/:?]
	at org.elasticsearch.bootstrap.Bootstrap.setup(Bootstrap.java:222) ~[classes/:?]
	at org.elasticsearch.bootstrap.Bootstrap.init(Bootstrap.java:398) [classes/:?]
	at org.elasticsearch.bootstrap.Elasticsearch.init(Elasticsearch.java:170) [classes/:?]
	at org.elasticsearch.bootstrap.Elasticsearch.execute(Elasticsearch.java:161) [classes/:?]
	at org.elasticsearch.cli.EnvironmentAwareCommand.execute(EnvironmentAwareCommand.java:86) [classes/:?]
	at org.elasticsearch.cli.Command.mainWithoutErrorHandling(Command.java:127) [classes/:?]
	at org.elasticsearch.cli.Command.main(Command.java:90) [classes/:?]
	at org.elasticsearch.bootstrap.Elasticsearch.main(Elasticsearch.java:126) [classes/:?]
	at org.elasticsearch.bootstrap.Elasticsearch.main(Elasticsearch.java:92) [classes/:?]
[2021-01-28T16:07:08,454][ERROR][o.e.b.ElasticsearchUncaughtExceptionHandler] [] uncaught exception in thread [main]
org.elasticsearch.bootstrap.StartupException: java.lang.IllegalArgumentException: module policy [/Users/zhangfengxin/idea_workspace/elasticsearch/data/modules/transport-netty4/plugin-security.policy] contains illegal permission ("java.lang.RuntimePermission" "*") for jar file:/Users/zhangfengxin/idea_workspace/elasticsearch/data/modules/transport-netty4/netty-common-4.1.49.Final.jar
	at org.elasticsearch.bootstrap.Elasticsearch.init(Elasticsearch.java:174) ~[classes/:?]
	at org.elasticsearch.bootstrap.Elasticsearch.execute(Elasticsearch.java:161) ~[classes/:?]
	at org.elasticsearch.cli.EnvironmentAwareCommand.execute(EnvironmentAwareCommand.java:86) ~[classes/:?]
	at org.elasticsearch.cli.Command.mainWithoutErrorHandling(Command.java:127) ~[classes/:?]
	at org.elasticsearch.cli.Command.main(Command.java:90) ~[classes/:?]
	at org.elasticsearch.bootstrap.Elasticsearch.main(Elasticsearch.java:126) ~[classes/:?]
	at org.elasticsearch.bootstrap.Elasticsearch.main(Elasticsearch.java:92) ~[classes/:?]
Caused by: java.lang.IllegalArgumentException: module policy [/Users/zhangfengxin/idea_workspace/elasticsearch/data/modules/transport-netty4/plugin-security.policy] contains illegal permission ("java.lang.RuntimePermission" "*") for jar file:/Users/zhangfengxin/idea_workspace/elasticsearch/data/modules/transport-netty4/netty-common-4.1.49.Final.jar
	at org.elasticsearch.bootstrap.PolicyUtil.validatePolicyPermissionsForJar(PolicyUtil.java:311) ~[classes/:?]
	at org.elasticsearch.bootstrap.PolicyUtil.validatePolicyPermissions(PolicyUtil.java:323) ~[classes/:?]
	at org.elasticsearch.bootstrap.PolicyUtil.getModulePolicyInfo(PolicyUtil.java:341) ~[classes/:?]
	at org.elasticsearch.bootstrap.Security.getPluginAndModulePermissions(Security.java:155) ~[classes/:?]
	at org.elasticsearch.bootstrap.Security.configure(Security.java:116) ~[classes/:?]
	at org.elasticsearch.bootstrap.Bootstrap.setup(Bootstrap.java:222) ~[classes/:?]
	at org.elasticsearch.bootstrap.Bootstrap.init(Bootstrap.java:398) ~[classes/:?]
	at org.elasticsearch.bootstrap.Elasticsearch.init(Elasticsearch.java:170) ~[classes/:?]
	... 6 more
[2021-01-28T16:12:52,052][INFO ][o.e.n.Node               ] [] version[7.10.3], pid[72974], build[unknown/unknown/unknown/unknown], OS[Mac OS X/10.14.5/x86_64], JVM[Oracle Corporation/Java HotSpot(TM) 64-Bit Server VM/11.0.9/11.0.9+7-LTS]
[2021-01-28T16:12:52,063][INFO ][o.e.n.Node               ] [] JVM home [/Library/Java/JavaVirtualMachines/jdk-11.0.9.jdk/Contents/Home]
[2021-01-28T16:12:52,087][INFO ][o.e.n.Node               ] [] JVM arguments [-Des.path.conf=/Users/zhangfengxin/idea_workspace/elasticsearch/source, -Des.path.home=/Users/zhangfengxin/idea_workspace/elasticsearch/data, -Dlog4j2.disable.jmx=true, -Djava.security.policy=/Users/zhangfengxin/idea_workspace/elasticsearch/source/elasticsearch.policy, -javaagent:/Users/zhangfengxin/Library/Application Support/JetBrains/Toolbox/apps/IDEA-U/ch-0/201.8743.12/IntelliJ IDEA.app/Contents/lib/idea_rt.jar=59988:/Users/zhangfengxin/Library/Application Support/JetBrains/Toolbox/apps/IDEA-U/ch-0/201.8743.12/IntelliJ IDEA.app/Contents/bin, -Dfile.encoding=UTF-8]
[2021-01-28T16:12:54,262][ERROR][o.e.b.Bootstrap          ] [] Exception
java.lang.IllegalArgumentException: Plugin [repository-url] was built for Elasticsearch version 7.10.0 but version 7.10.3 is running
	at org.elasticsearch.plugins.PluginsService.verifyCompatibility(PluginsService.java:352) ~[classes/:?]
	at org.elasticsearch.plugins.PluginsService.loadBundle(PluginsService.java:622) ~[classes/:?]
	at org.elasticsearch.plugins.PluginsService.loadBundles(PluginsService.java:479) ~[classes/:?]
	at org.elasticsearch.plugins.PluginsService.<init>(PluginsService.java:168) ~[classes/:?]
	at org.elasticsearch.node.Node.<init>(Node.java:346) ~[classes/:?]
	at org.elasticsearch.node.Node.<init>(Node.java:289) ~[classes/:?]
	at org.elasticsearch.bootstrap.Bootstrap$5.<init>(Bootstrap.java:227) ~[classes/:?]
	at org.elasticsearch.bootstrap.Bootstrap.setup(Bootstrap.java:227) ~[classes/:?]
	at org.elasticsearch.bootstrap.Bootstrap.init(Bootstrap.java:393) [classes/:?]
	at org.elasticsearch.bootstrap.Elasticsearch.init(Elasticsearch.java:170) [classes/:?]
	at org.elasticsearch.bootstrap.Elasticsearch.execute(Elasticsearch.java:161) [classes/:?]
	at org.elasticsearch.cli.EnvironmentAwareCommand.execute(EnvironmentAwareCommand.java:86) [classes/:?]
	at org.elasticsearch.cli.Command.mainWithoutErrorHandling(Command.java:127) [classes/:?]
	at org.elasticsearch.cli.Command.main(Command.java:90) [classes/:?]
	at org.elasticsearch.bootstrap.Elasticsearch.main(Elasticsearch.java:126) [classes/:?]
	at org.elasticsearch.bootstrap.Elasticsearch.main(Elasticsearch.java:92) [classes/:?]
[2021-01-28T16:12:54,298][ERROR][o.e.b.ElasticsearchUncaughtExceptionHandler] [] uncaught exception in thread [main]
org.elasticsearch.bootstrap.StartupException: java.lang.IllegalArgumentException: Plugin [repository-url] was built for Elasticsearch version 7.10.0 but version 7.10.3 is running
	at org.elasticsearch.bootstrap.Elasticsearch.init(Elasticsearch.java:174) ~[classes/:?]
	at org.elasticsearch.bootstrap.Elasticsearch.execute(Elasticsearch.java:161) ~[classes/:?]
	at org.elasticsearch.cli.EnvironmentAwareCommand.execute(EnvironmentAwareCommand.java:86) ~[classes/:?]
	at org.elasticsearch.cli.Command.mainWithoutErrorHandling(Command.java:127) ~[classes/:?]
	at org.elasticsearch.cli.Command.main(Command.java:90) ~[classes/:?]
	at org.elasticsearch.bootstrap.Elasticsearch.main(Elasticsearch.java:126) ~[classes/:?]
	at org.elasticsearch.bootstrap.Elasticsearch.main(Elasticsearch.java:92) ~[classes/:?]
Caused by: java.lang.IllegalArgumentException: Plugin [repository-url] was built for Elasticsearch version 7.10.0 but version 7.10.3 is running
	at org.elasticsearch.plugins.PluginsService.verifyCompatibility(PluginsService.java:352) ~[classes/:?]
	at org.elasticsearch.plugins.PluginsService.loadBundle(PluginsService.java:622) ~[classes/:?]
	at org.elasticsearch.plugins.PluginsService.loadBundles(PluginsService.java:479) ~[classes/:?]
	at org.elasticsearch.plugins.PluginsService.<init>(PluginsService.java:168) ~[classes/:?]
	at org.elasticsearch.node.Node.<init>(Node.java:346) ~[classes/:?]
	at org.elasticsearch.node.Node.<init>(Node.java:289) ~[classes/:?]
	at org.elasticsearch.bootstrap.Bootstrap$5.<init>(Bootstrap.java:227) ~[classes/:?]
	at org.elasticsearch.bootstrap.Bootstrap.setup(Bootstrap.java:227) ~[classes/:?]
	at org.elasticsearch.bootstrap.Bootstrap.init(Bootstrap.java:393) ~[classes/:?]
	at org.elasticsearch.bootstrap.Elasticsearch.init(Elasticsearch.java:170) ~[classes/:?]
	... 6 more
[2021-01-28T16:15:50,029][INFO ][o.e.n.Node               ] [] version[7.10.3], pid[73239], build[unknown/unknown/unknown/unknown], OS[Mac OS X/10.14.5/x86_64], JVM[Oracle Corporation/Java HotSpot(TM) 64-Bit Server VM/11.0.9/11.0.9+7-LTS]
[2021-01-28T16:15:50,040][INFO ][o.e.n.Node               ] [] JVM home [/Library/Java/JavaVirtualMachines/jdk-11.0.9.jdk/Contents/Home]
[2021-01-28T16:15:50,054][INFO ][o.e.n.Node               ] [] JVM arguments [-Des.path.conf=/Users/zhangfengxin/idea_workspace/elasticsearch/source, -Des.path.home=/Users/zhangfengxin/idea_workspace/elasticsearch/data, -Dlog4j2.disable.jmx=true, -javaagent:/Users/zhangfengxin/Library/Application Support/JetBrains/Toolbox/apps/IDEA-U/ch-0/201.8743.12/IntelliJ IDEA.app/Contents/lib/idea_rt.jar=60034:/Users/zhangfengxin/Library/Application Support/JetBrains/Toolbox/apps/IDEA-U/ch-0/201.8743.12/IntelliJ IDEA.app/Contents/bin, -Dfile.encoding=UTF-8]
[2021-01-28T16:15:52,215][ERROR][o.e.b.Bootstrap          ] [] Exception
java.lang.IllegalArgumentException: Plugin [repository-url] was built for Elasticsearch version 7.10.0 but version 7.10.3 is running
	at org.elasticsearch.plugins.PluginsService.verifyCompatibility(PluginsService.java:352) ~[classes/:?]
	at org.elasticsearch.plugins.PluginsService.loadBundle(PluginsService.java:622) ~[classes/:?]
	at org.elasticsearch.plugins.PluginsService.loadBundles(PluginsService.java:479) ~[classes/:?]
	at org.elasticsearch.plugins.PluginsService.<init>(PluginsService.java:168) ~[classes/:?]
	at org.elasticsearch.node.Node.<init>(Node.java:346) ~[classes/:?]
	at org.elasticsearch.node.Node.<init>(Node.java:289) ~[classes/:?]
	at org.elasticsearch.bootstrap.Bootstrap$5.<init>(Bootstrap.java:227) ~[classes/:?]
	at org.elasticsearch.bootstrap.Bootstrap.setup(Bootstrap.java:227) ~[classes/:?]
	at org.elasticsearch.bootstrap.Bootstrap.init(Bootstrap.java:393) [classes/:?]
	at org.elasticsearch.bootstrap.Elasticsearch.init(Elasticsearch.java:170) [classes/:?]
	at org.elasticsearch.bootstrap.Elasticsearch.execute(Elasticsearch.java:161) [classes/:?]
	at org.elasticsearch.cli.EnvironmentAwareCommand.execute(EnvironmentAwareCommand.java:86) [classes/:?]
	at org.elasticsearch.cli.Command.mainWithoutErrorHandling(Command.java:127) [classes/:?]
	at org.elasticsearch.cli.Command.main(Command.java:90) [classes/:?]
	at org.elasticsearch.bootstrap.Elasticsearch.main(Elasticsearch.java:126) [classes/:?]
	at org.elasticsearch.bootstrap.Elasticsearch.main(Elasticsearch.java:92) [classes/:?]
[2021-01-28T16:15:52,228][ERROR][o.e.b.ElasticsearchUncaughtExceptionHandler] [] uncaught exception in thread [main]
org.elasticsearch.bootstrap.StartupException: java.lang.IllegalArgumentException: Plugin [repository-url] was built for Elasticsearch version 7.10.0 but version 7.10.3 is running
	at org.elasticsearch.bootstrap.Elasticsearch.init(Elasticsearch.java:174) ~[classes/:?]
	at org.elasticsearch.bootstrap.Elasticsearch.execute(Elasticsearch.java:161) ~[classes/:?]
	at org.elasticsearch.cli.EnvironmentAwareCommand.execute(EnvironmentAwareCommand.java:86) ~[classes/:?]
	at org.elasticsearch.cli.Command.mainWithoutErrorHandling(Command.java:127) ~[classes/:?]
	at org.elasticsearch.cli.Command.main(Command.java:90) ~[classes/:?]
	at org.elasticsearch.bootstrap.Elasticsearch.main(Elasticsearch.java:126) ~[classes/:?]
	at org.elasticsearch.bootstrap.Elasticsearch.main(Elasticsearch.java:92) ~[classes/:?]
Caused by: java.lang.IllegalArgumentException: Plugin [repository-url] was built for Elasticsearch version 7.10.0 but version 7.10.3 is running
	at org.elasticsearch.plugins.PluginsService.verifyCompatibility(PluginsService.java:352) ~[classes/:?]
	at org.elasticsearch.plugins.PluginsService.loadBundle(PluginsService.java:622) ~[classes/:?]
	at org.elasticsearch.plugins.PluginsService.loadBundles(PluginsService.java:479) ~[classes/:?]
	at org.elasticsearch.plugins.PluginsService.<init>(PluginsService.java:168) ~[classes/:?]
	at org.elasticsearch.node.Node.<init>(Node.java:346) ~[classes/:?]
	at org.elasticsearch.node.Node.<init>(Node.java:289) ~[classes/:?]
	at org.elasticsearch.bootstrap.Bootstrap$5.<init>(Bootstrap.java:227) ~[classes/:?]
	at org.elasticsearch.bootstrap.Bootstrap.setup(Bootstrap.java:227) ~[classes/:?]
	at org.elasticsearch.bootstrap.Bootstrap.init(Bootstrap.java:393) ~[classes/:?]
	at org.elasticsearch.bootstrap.Elasticsearch.init(Elasticsearch.java:170) ~[classes/:?]
	... 6 more
[2021-01-28T16:45:14,397][INFO ][o.e.n.Node               ] [] version[7.10.3], pid[74905], build[unknown/unknown/unknown/unknown], OS[Mac OS X/10.14.5/x86_64], JVM[Oracle Corporation/Java HotSpot(TM) 64-Bit Server VM/11.0.9/11.0.9+7-LTS]
[2021-01-28T16:45:14,406][INFO ][o.e.n.Node               ] [] JVM home [/Library/Java/JavaVirtualMachines/jdk-11.0.9.jdk/Contents/Home]
[2021-01-28T16:45:14,415][INFO ][o.e.n.Node               ] [] JVM arguments [-agentlib:jdwp=transport=dt_socket,address=127.0.0.1:60339,suspend=y,server=n, -Des.path.conf=/Users/zhangfengxin/idea_workspace/elasticsearch/source, -Des.path.home=/Users/zhangfengxin/idea_workspace/elasticsearch/data, -Dlog4j2.disable.jmx=true, -javaagent:/Users/zhangfengxin/Library/Caches/JetBrains/IntelliJIdea2020.1/groovyHotSwap/gragent.jar, -javaagent:/Users/zhangfengxin/Library/Caches/JetBrains/IntelliJIdea2020.1/captureAgent/debugger-agent.jar, -Dfile.encoding=UTF-8]
[2021-01-28T16:49:17,012][ERROR][o.e.b.Bootstrap          ] [] Exception
java.lang.IllegalArgumentException: Plugin [repository-url] was built for Elasticsearch version 7.10.0 but version 7.10.3 is running
	at org.elasticsearch.plugins.PluginsService.verifyCompatibility(PluginsService.java:352) ~[classes/:?]
	at org.elasticsearch.plugins.PluginsService.loadBundle(PluginsService.java:622) ~[classes/:?]
	at org.elasticsearch.plugins.PluginsService.loadBundles(PluginsService.java:479) ~[classes/:?]
	at org.elasticsearch.plugins.PluginsService.<init>(PluginsService.java:168) ~[classes/:?]
	at org.elasticsearch.node.Node.<init>(Node.java:346) ~[classes/:?]
	at org.elasticsearch.node.Node.<init>(Node.java:289) ~[classes/:?]
	at org.elasticsearch.bootstrap.Bootstrap$5.<init>(Bootstrap.java:227) ~[classes/:?]
	at org.elasticsearch.bootstrap.Bootstrap.setup(Bootstrap.java:227) ~[classes/:?]
	at org.elasticsearch.bootstrap.Bootstrap.init(Bootstrap.java:393) [classes/:?]
	at org.elasticsearch.bootstrap.Elasticsearch.init(Elasticsearch.java:170) [classes/:?]
	at org.elasticsearch.bootstrap.Elasticsearch.execute(Elasticsearch.java:161) [classes/:?]
	at org.elasticsearch.cli.EnvironmentAwareCommand.execute(EnvironmentAwareCommand.java:86) [classes/:?]
	at org.elasticsearch.cli.Command.mainWithoutErrorHandling(Command.java:127) [classes/:?]
	at org.elasticsearch.cli.Command.main(Command.java:90) [classes/:?]
	at org.elasticsearch.bootstrap.Elasticsearch.main(Elasticsearch.java:126) [classes/:?]
	at org.elasticsearch.bootstrap.Elasticsearch.main(Elasticsearch.java:92) [classes/:?]
[2021-01-28T16:49:17,172][ERROR][o.e.b.ElasticsearchUncaughtExceptionHandler] [] uncaught exception in thread [main]
org.elasticsearch.bootstrap.StartupException: java.lang.IllegalArgumentException: Plugin [repository-url] was built for Elasticsearch version 7.10.0 but version 7.10.3 is running
	at org.elasticsearch.bootstrap.Elasticsearch.init(Elasticsearch.java:174) ~[classes/:?]
	at org.elasticsearch.bootstrap.Elasticsearch.execute(Elasticsearch.java:161) ~[classes/:?]
	at org.elasticsearch.cli.EnvironmentAwareCommand.execute(EnvironmentAwareCommand.java:86) ~[classes/:?]
	at org.elasticsearch.cli.Command.mainWithoutErrorHandling(Command.java:127) ~[classes/:?]
	at org.elasticsearch.cli.Command.main(Command.java:90) ~[classes/:?]
	at org.elasticsearch.bootstrap.Elasticsearch.main(Elasticsearch.java:126) ~[classes/:?]
	at org.elasticsearch.bootstrap.Elasticsearch.main(Elasticsearch.java:92) ~[classes/:?]
Caused by: java.lang.IllegalArgumentException: Plugin [repository-url] was built for Elasticsearch version 7.10.0 but version 7.10.3 is running
	at org.elasticsearch.plugins.PluginsService.verifyCompatibility(PluginsService.java:352) ~[classes/:?]
	at org.elasticsearch.plugins.PluginsService.loadBundle(PluginsService.java:622) ~[classes/:?]
	at org.elasticsearch.plugins.PluginsService.loadBundles(PluginsService.java:479) ~[classes/:?]
	at org.elasticsearch.plugins.PluginsService.<init>(PluginsService.java:168) ~[classes/:?]
	at org.elasticsearch.node.Node.<init>(Node.java:346) ~[classes/:?]
	at org.elasticsearch.node.Node.<init>(Node.java:289) ~[classes/:?]
	at org.elasticsearch.bootstrap.Bootstrap$5.<init>(Bootstrap.java:227) ~[classes/:?]
	at org.elasticsearch.bootstrap.Bootstrap.setup(Bootstrap.java:227) ~[classes/:?]
	at org.elasticsearch.bootstrap.Bootstrap.init(Bootstrap.java:393) ~[classes/:?]
	at org.elasticsearch.bootstrap.Elasticsearch.init(Elasticsearch.java:170) ~[classes/:?]
	... 6 more
[2021-01-28T16:49:55,358][INFO ][o.e.n.Node               ] [] version[7.10.0], pid[75181], build[unknown/unknown/unknown/unknown], OS[Mac OS X/10.14.5/x86_64], JVM[Oracle Corporation/Java HotSpot(TM) 64-Bit Server VM/11.0.9/11.0.9+7-LTS]
[2021-01-28T16:49:55,365][INFO ][o.e.n.Node               ] [] JVM home [/Library/Java/JavaVirtualMachines/jdk-11.0.9.jdk/Contents/Home]
[2021-01-28T16:49:55,388][INFO ][o.e.n.Node               ] [] JVM arguments [-Des.path.conf=/Users/zhangfengxin/idea_workspace/elasticsearch/source, -Des.path.home=/Users/zhangfengxin/idea_workspace/elasticsearch/data, -Dlog4j2.disable.jmx=true, -javaagent:/Users/zhangfengxin/Library/Application Support/JetBrains/Toolbox/apps/IDEA-U/ch-0/201.8743.12/IntelliJ IDEA.app/Contents/lib/idea_rt.jar=60400:/Users/zhangfengxin/Library/Application Support/JetBrains/Toolbox/apps/IDEA-U/ch-0/201.8743.12/IntelliJ IDEA.app/Contents/bin, -Dfile.encoding=UTF-8]
[2021-01-28T16:49:58,538][ERROR][o.e.b.Bootstrap          ] [] Exception
java.security.AccessControlException: access denied ("java.lang.RuntimePermission" "createClassLoader")
	at java.security.AccessControlContext.checkPermission(AccessControlContext.java:472) ~[?:?]
	at java.security.AccessController.checkPermission(AccessController.java:897) ~[?:?]
	at java.lang.SecurityManager.checkPermission(SecurityManager.java:322) ~[?:?]
	at java.lang.SecurityManager.checkCreateClassLoader(SecurityManager.java:384) ~[?:?]
	at java.lang.ClassLoader.checkCreateClassLoader(ClassLoader.java:369) ~[?:?]
	at java.lang.ClassLoader.checkCreateClassLoader(ClassLoader.java:359) ~[?:?]
	at java.lang.ClassLoader.<init>(ClassLoader.java:456) ~[?:?]
	at org.elasticsearch.plugins.ExtendedPluginsClassLoader.<init>(ExtendedPluginsClassLoader.java:36) ~[classes/:?]
	at org.elasticsearch.plugins.ExtendedPluginsClassLoader.lambda$create$0(ExtendedPluginsClassLoader.java:57) ~[classes/:?]
	at java.security.AccessController.doPrivileged(Native Method) ~[?:?]
	at org.elasticsearch.plugins.ExtendedPluginsClassLoader.create(ExtendedPluginsClassLoader.java:56) ~[classes/:?]
	at org.elasticsearch.plugins.PluginLoaderIndirection.createLoader(PluginLoaderIndirection.java:31) ~[classes/:?]
	at org.elasticsearch.plugins.PluginsService.loadBundle(PluginsService.java:636) ~[classes/:?]
	at org.elasticsearch.plugins.PluginsService.loadBundles(PluginsService.java:479) ~[classes/:?]
	at org.elasticsearch.plugins.PluginsService.<init>(PluginsService.java:168) ~[classes/:?]
	at org.elasticsearch.node.Node.<init>(Node.java:346) ~[classes/:?]
	at org.elasticsearch.node.Node.<init>(Node.java:289) ~[classes/:?]
	at org.elasticsearch.bootstrap.Bootstrap$5.<init>(Bootstrap.java:227) ~[classes/:?]
	at org.elasticsearch.bootstrap.Bootstrap.setup(Bootstrap.java:227) ~[classes/:?]
	at org.elasticsearch.bootstrap.Bootstrap.init(Bootstrap.java:393) [classes/:?]
	at org.elasticsearch.bootstrap.Elasticsearch.init(Elasticsearch.java:170) [classes/:?]
	at org.elasticsearch.bootstrap.Elasticsearch.execute(Elasticsearch.java:161) [classes/:?]
	at org.elasticsearch.cli.EnvironmentAwareCommand.execute(EnvironmentAwareCommand.java:86) [classes/:?]
	at org.elasticsearch.cli.Command.mainWithoutErrorHandling(Command.java:127) [classes/:?]
	at org.elasticsearch.cli.Command.main(Command.java:90) [classes/:?]
	at org.elasticsearch.bootstrap.Elasticsearch.main(Elasticsearch.java:126) [classes/:?]
	at org.elasticsearch.bootstrap.Elasticsearch.main(Elasticsearch.java:92) [classes/:?]
[2021-01-28T16:49:58,761][ERROR][o.e.b.ElasticsearchUncaughtExceptionHandler] [] uncaught exception in thread [main]
org.elasticsearch.bootstrap.StartupException: java.security.AccessControlException: access denied ("java.lang.RuntimePermission" "createClassLoader")
	at org.elasticsearch.bootstrap.Elasticsearch.init(Elasticsearch.java:174) ~[classes/:?]
	at org.elasticsearch.bootstrap.Elasticsearch.execute(Elasticsearch.java:161) ~[classes/:?]
	at org.elasticsearch.cli.EnvironmentAwareCommand.execute(EnvironmentAwareCommand.java:86) ~[classes/:?]
	at org.elasticsearch.cli.Command.mainWithoutErrorHandling(Command.java:127) ~[classes/:?]
	at org.elasticsearch.cli.Command.main(Command.java:90) ~[classes/:?]
	at org.elasticsearch.bootstrap.Elasticsearch.main(Elasticsearch.java:126) ~[classes/:?]
	at org.elasticsearch.bootstrap.Elasticsearch.main(Elasticsearch.java:92) ~[classes/:?]
Caused by: java.security.AccessControlException: access denied ("java.lang.RuntimePermission" "createClassLoader")
	at java.security.AccessControlContext.checkPermission(AccessControlContext.java:472) ~[?:?]
	at java.security.AccessController.checkPermission(AccessController.java:897) ~[?:?]
	at java.lang.SecurityManager.checkPermission(SecurityManager.java:322) ~[?:?]
	at java.lang.SecurityManager.checkCreateClassLoader(SecurityManager.java:384) ~[?:?]
	at java.lang.ClassLoader.checkCreateClassLoader(ClassLoader.java:369) ~[?:?]
	at java.lang.ClassLoader.checkCreateClassLoader(ClassLoader.java:359) ~[?:?]
	at java.lang.ClassLoader.<init>(ClassLoader.java:456) ~[?:?]
	at org.elasticsearch.plugins.ExtendedPluginsClassLoader.<init>(ExtendedPluginsClassLoader.java:36) ~[classes/:?]
	at org.elasticsearch.plugins.ExtendedPluginsClassLoader.lambda$create$0(ExtendedPluginsClassLoader.java:57) ~[classes/:?]
	at java.security.AccessController.doPrivileged(Native Method) ~[?:?]
	at org.elasticsearch.plugins.ExtendedPluginsClassLoader.create(ExtendedPluginsClassLoader.java:56) ~[classes/:?]
	at org.elasticsearch.plugins.PluginLoaderIndirection.createLoader(PluginLoaderIndirection.java:31) ~[classes/:?]
	at org.elasticsearch.plugins.PluginsService.loadBundle(PluginsService.java:636) ~[classes/:?]
	at org.elasticsearch.plugins.PluginsService.loadBundles(PluginsService.java:479) ~[classes/:?]
	at org.elasticsearch.plugins.PluginsService.<init>(PluginsService.java:168) ~[classes/:?]
	at org.elasticsearch.node.Node.<init>(Node.java:346) ~[classes/:?]
	at org.elasticsearch.node.Node.<init>(Node.java:289) ~[classes/:?]
	at org.elasticsearch.bootstrap.Bootstrap$5.<init>(Bootstrap.java:227) ~[classes/:?]
	at org.elasticsearch.bootstrap.Bootstrap.setup(Bootstrap.java:227) ~[classes/:?]
	at org.elasticsearch.bootstrap.Bootstrap.init(Bootstrap.java:393) ~[classes/:?]
	at org.elasticsearch.bootstrap.Elasticsearch.init(Elasticsearch.java:170) ~[classes/:?]
	... 6 more
[2021-01-28T16:52:16,475][INFO ][o.e.n.Node               ] [] version[7.10.0], pid[75430], build[unknown/unknown/unknown/unknown], OS[Mac OS X/10.14.5/x86_64], JVM[Oracle Corporation/Java HotSpot(TM) 64-Bit Server VM/11.0.9/11.0.9+7-LTS]
[2021-01-28T16:52:16,483][INFO ][o.e.n.Node               ] [] JVM home [/Library/Java/JavaVirtualMachines/jdk-11.0.9.jdk/Contents/Home]
[2021-01-28T16:52:16,491][INFO ][o.e.n.Node               ] [] JVM arguments [-Des.path.conf=/Users/zhangfengxin/idea_workspace/elasticsearch/source, -Des.path.home=/Users/zhangfengxin/idea_workspace/elasticsearch/data, -Dlog4j2.disable.jmx=true, -Djava.security.policy=/Users/zhangfengxin/idea_workspace/elasticsearch/source/elasticsearch.policy, -javaagent:/Users/zhangfengxin/Library/Application Support/JetBrains/Toolbox/apps/IDEA-U/ch-0/201.8743.12/IntelliJ IDEA.app/Contents/lib/idea_rt.jar=60495:/Users/zhangfengxin/Library/Application Support/JetBrains/Toolbox/apps/IDEA-U/ch-0/201.8743.12/IntelliJ IDEA.app/Contents/bin, -Dfile.encoding=UTF-8]
[2021-01-28T16:52:18,148][ERROR][o.e.b.Bootstrap          ] [] Exception
java.security.AccessControlException: access denied ("java.lang.RuntimePermission" "setContextClassLoader")
	at java.security.AccessControlContext.checkPermission(AccessControlContext.java:472) ~[?:?]
	at java.security.AccessController.checkPermission(AccessController.java:897) ~[?:?]
	at java.lang.SecurityManager.checkPermission(SecurityManager.java:322) ~[?:?]
	at java.lang.Thread.setContextClassLoader(Thread.java:1522) ~[?:?]
	at org.elasticsearch.plugins.PluginsService.lambda$loadBundle$7(PluginsService.java:663) ~[classes/:?]
	at java.security.AccessController.doPrivileged(Native Method) ~[?:?]
	at org.elasticsearch.plugins.PluginsService.loadBundle(PluginsService.java:662) ~[classes/:?]
	at org.elasticsearch.plugins.PluginsService.loadBundles(PluginsService.java:479) ~[classes/:?]
	at org.elasticsearch.plugins.PluginsService.<init>(PluginsService.java:168) ~[classes/:?]
	at org.elasticsearch.node.Node.<init>(Node.java:346) ~[classes/:?]
	at org.elasticsearch.node.Node.<init>(Node.java:289) ~[classes/:?]
	at org.elasticsearch.bootstrap.Bootstrap$5.<init>(Bootstrap.java:227) ~[classes/:?]
	at org.elasticsearch.bootstrap.Bootstrap.setup(Bootstrap.java:227) ~[classes/:?]
	at org.elasticsearch.bootstrap.Bootstrap.init(Bootstrap.java:393) [classes/:?]
	at org.elasticsearch.bootstrap.Elasticsearch.init(Elasticsearch.java:170) [classes/:?]
	at org.elasticsearch.bootstrap.Elasticsearch.execute(Elasticsearch.java:161) [classes/:?]
	at org.elasticsearch.cli.EnvironmentAwareCommand.execute(EnvironmentAwareCommand.java:86) [classes/:?]
	at org.elasticsearch.cli.Command.mainWithoutErrorHandling(Command.java:127) [classes/:?]
	at org.elasticsearch.cli.Command.main(Command.java:90) [classes/:?]
	at org.elasticsearch.bootstrap.Elasticsearch.main(Elasticsearch.java:126) [classes/:?]
	at org.elasticsearch.bootstrap.Elasticsearch.main(Elasticsearch.java:92) [classes/:?]
[2021-01-28T16:52:18,162][ERROR][o.e.b.ElasticsearchUncaughtExceptionHandler] [] uncaught exception in thread [main]
org.elasticsearch.bootstrap.StartupException: java.security.AccessControlException: access denied ("java.lang.RuntimePermission" "setContextClassLoader")
	at org.elasticsearch.bootstrap.Elasticsearch.init(Elasticsearch.java:174) ~[classes/:?]
	at org.elasticsearch.bootstrap.Elasticsearch.execute(Elasticsearch.java:161) ~[classes/:?]
	at org.elasticsearch.cli.EnvironmentAwareCommand.execute(EnvironmentAwareCommand.java:86) ~[classes/:?]
	at org.elasticsearch.cli.Command.mainWithoutErrorHandling(Command.java:127) ~[classes/:?]
	at org.elasticsearch.cli.Command.main(Command.java:90) ~[classes/:?]
	at org.elasticsearch.bootstrap.Elasticsearch.main(Elasticsearch.java:126) ~[classes/:?]
	at org.elasticsearch.bootstrap.Elasticsearch.main(Elasticsearch.java:92) ~[classes/:?]
Caused by: java.security.AccessControlException: access denied ("java.lang.RuntimePermission" "setContextClassLoader")
	at java.security.AccessControlContext.checkPermission(AccessControlContext.java:472) ~[?:?]
	at java.security.AccessController.checkPermission(AccessController.java:897) ~[?:?]
	at java.lang.SecurityManager.checkPermission(SecurityManager.java:322) ~[?:?]
	at java.lang.Thread.setContextClassLoader(Thread.java:1522) [?:?]
	at org.elasticsearch.plugins.PluginsService.lambda$loadBundle$7(PluginsService.java:663) ~[classes/:?]
	at java.security.AccessController.doPrivileged(Native Method) ~[?:?]
	at org.elasticsearch.plugins.PluginsService.loadBundle(PluginsService.java:662) ~[classes/:?]
	at org.elasticsearch.plugins.PluginsService.loadBundles(PluginsService.java:479) ~[classes/:?]
	at org.elasticsearch.plugins.PluginsService.<init>(PluginsService.java:168) ~[classes/:?]
	at org.elasticsearch.node.Node.<init>(Node.java:346) ~[classes/:?]
	at org.elasticsearch.node.Node.<init>(Node.java:289) ~[classes/:?]
	at org.elasticsearch.bootstrap.Bootstrap$5.<init>(Bootstrap.java:227) ~[classes/:?]
	at org.elasticsearch.bootstrap.Bootstrap.setup(Bootstrap.java:227) ~[classes/:?]
	at org.elasticsearch.bootstrap.Bootstrap.init(Bootstrap.java:393) ~[classes/:?]
	at org.elasticsearch.bootstrap.Elasticsearch.init(Elasticsearch.java:170) ~[classes/:?]
	... 6 more
[2021-01-28T16:53:50,001][INFO ][o.e.n.Node               ] [] version[7.10.0], pid[75564], build[unknown/unknown/unknown/unknown], OS[Mac OS X/10.14.5/x86_64], JVM[Oracle Corporation/Java HotSpot(TM) 64-Bit Server VM/11.0.9/11.0.9+7-LTS]
[2021-01-28T16:53:50,006][INFO ][o.e.n.Node               ] [] JVM home [/Library/Java/JavaVirtualMachines/jdk-11.0.9.jdk/Contents/Home]
[2021-01-28T16:53:50,014][INFO ][o.e.n.Node               ] [] JVM arguments [-Des.path.conf=/Users/zhangfengxin/idea_workspace/elasticsearch/source, -Des.path.home=/Users/zhangfengxin/idea_workspace/elasticsearch/data, -Dlog4j2.disable.jmx=true, -Djava.security.policy=/Users/zhangfengxin/idea_workspace/elasticsearch/source/elasticsearch.policy, -javaagent:/Users/zhangfengxin/Library/Application Support/JetBrains/Toolbox/apps/IDEA-U/ch-0/201.8743.12/IntelliJ IDEA.app/Contents/lib/idea_rt.jar=60549:/Users/zhangfengxin/Library/Application Support/JetBrains/Toolbox/apps/IDEA-U/ch-0/201.8743.12/IntelliJ IDEA.app/Contents/bin, -Dfile.encoding=UTF-8]
[2021-01-28T16:54:27,633][INFO ][o.e.p.PluginsService     ] [] loaded module [aggs-matrix-stats]
[2021-01-28T16:54:27,636][INFO ][o.e.p.PluginsService     ] [] loaded module [analysis-common]
[2021-01-28T16:54:27,637][INFO ][o.e.p.PluginsService     ] [] loaded module [constant-keyword]
[2021-01-28T16:54:27,637][INFO ][o.e.p.PluginsService     ] [] loaded module [flattened]
[2021-01-28T16:54:27,637][INFO ][o.e.p.PluginsService     ] [] loaded module [frozen-indices]
[2021-01-28T16:54:27,638][INFO ][o.e.p.PluginsService     ] [] loaded module [ingest-common]
[2021-01-28T16:54:27,639][INFO ][o.e.p.PluginsService     ] [] loaded module [ingest-geoip]
[2021-01-28T16:54:27,639][INFO ][o.e.p.PluginsService     ] [] loaded module [ingest-user-agent]
[2021-01-28T16:54:27,639][INFO ][o.e.p.PluginsService     ] [] loaded module [kibana]
[2021-01-28T16:54:27,640][INFO ][o.e.p.PluginsService     ] [] loaded module [lang-expression]
[2021-01-28T16:54:27,640][INFO ][o.e.p.PluginsService     ] [] loaded module [lang-mustache]
[2021-01-28T16:54:27,640][INFO ][o.e.p.PluginsService     ] [] loaded module [lang-painless]
[2021-01-28T16:54:27,641][INFO ][o.e.p.PluginsService     ] [] loaded module [mapper-extras]
[2021-01-28T16:54:27,642][INFO ][o.e.p.PluginsService     ] [] loaded module [mapper-version]
[2021-01-28T16:54:27,643][INFO ][o.e.p.PluginsService     ] [] loaded module [parent-join]
[2021-01-28T16:54:27,644][INFO ][o.e.p.PluginsService     ] [] loaded module [percolator]
[2021-01-28T16:54:27,644][INFO ][o.e.p.PluginsService     ] [] loaded module [rank-eval]
[2021-01-28T16:54:27,645][INFO ][o.e.p.PluginsService     ] [] loaded module [reindex]
[2021-01-28T16:54:27,645][INFO ][o.e.p.PluginsService     ] [] loaded module [repositories-metering-api]
[2021-01-28T16:54:27,645][INFO ][o.e.p.PluginsService     ] [] loaded module [repository-url]
[2021-01-28T16:54:27,647][INFO ][o.e.p.PluginsService     ] [] loaded module [search-business-rules]
[2021-01-28T16:54:27,648][INFO ][o.e.p.PluginsService     ] [] loaded module [searchable-snapshots]
[2021-01-28T16:54:27,648][INFO ][o.e.p.PluginsService     ] [] loaded module [spatial]
[2021-01-28T16:54:27,648][INFO ][o.e.p.PluginsService     ] [] loaded module [transform]
[2021-01-28T16:54:27,649][INFO ][o.e.p.PluginsService     ] [] loaded module [transport-netty4]
[2021-01-28T16:54:27,649][INFO ][o.e.p.PluginsService     ] [] loaded module [unsigned-long]
[2021-01-28T16:54:27,649][INFO ][o.e.p.PluginsService     ] [] loaded module [vectors]
[2021-01-28T16:54:27,650][INFO ][o.e.p.PluginsService     ] [] loaded module [wildcard]
[2021-01-28T16:54:27,650][INFO ][o.e.p.PluginsService     ] [] loaded module [x-pack-analytics]
[2021-01-28T16:54:27,651][INFO ][o.e.p.PluginsService     ] [] loaded module [x-pack-async]
[2021-01-28T16:54:27,651][INFO ][o.e.p.PluginsService     ] [] loaded module [x-pack-async-search]
[2021-01-28T16:54:27,651][INFO ][o.e.p.PluginsService     ] [] loaded module [x-pack-autoscaling]
[2021-01-28T16:54:27,651][INFO ][o.e.p.PluginsService     ] [] loaded module [x-pack-ccr]
[2021-01-28T16:54:27,652][INFO ][o.e.p.PluginsService     ] [] loaded module [x-pack-core]
[2021-01-28T16:54:27,652][INFO ][o.e.p.PluginsService     ] [] loaded module [x-pack-data-streams]
[2021-01-28T16:54:27,653][INFO ][o.e.p.PluginsService     ] [] loaded module [x-pack-deprecation]
[2021-01-28T16:54:27,653][INFO ][o.e.p.PluginsService     ] [] loaded module [x-pack-enrich]
[2021-01-28T16:54:27,653][INFO ][o.e.p.PluginsService     ] [] loaded module [x-pack-eql]
[2021-01-28T16:54:27,654][INFO ][o.e.p.PluginsService     ] [] loaded module [x-pack-graph]
[2021-01-28T16:54:27,654][INFO ][o.e.p.PluginsService     ] [] loaded module [x-pack-identity-provider]
[2021-01-28T16:54:27,654][INFO ][o.e.p.PluginsService     ] [] loaded module [x-pack-ilm]
[2021-01-28T16:54:27,655][INFO ][o.e.p.PluginsService     ] [] loaded module [x-pack-logstash]
[2021-01-28T16:54:27,655][INFO ][o.e.p.PluginsService     ] [] loaded module [x-pack-ml]
[2021-01-28T16:54:27,656][INFO ][o.e.p.PluginsService     ] [] loaded module [x-pack-monitoring]
[2021-01-28T16:54:27,656][INFO ][o.e.p.PluginsService     ] [] loaded module [x-pack-ql]
[2021-01-28T16:54:27,657][INFO ][o.e.p.PluginsService     ] [] loaded module [x-pack-rollup]
[2021-01-28T16:54:27,658][INFO ][o.e.p.PluginsService     ] [] loaded module [x-pack-security]
[2021-01-28T16:54:27,659][INFO ][o.e.p.PluginsService     ] [] loaded module [x-pack-sql]
[2021-01-28T16:54:27,659][INFO ][o.e.p.PluginsService     ] [] loaded module [x-pack-stack]
[2021-01-28T16:54:27,659][INFO ][o.e.p.PluginsService     ] [] loaded module [x-pack-voting-only-node]
[2021-01-28T16:54:27,659][INFO ][o.e.p.PluginsService     ] [] loaded module [x-pack-watcher]
[2021-01-28T16:54:27,660][INFO ][o.e.p.PluginsService     ] [] no plugins loaded
[2021-01-28T16:54:27,765][INFO ][o.e.e.NodeEnvironment    ] [] using [1] data paths, mounts [[/ (/dev/disk1s1)]], net usable_space [4.6gb], net total_space [112.7gb], types [apfs]
[2021-01-28T16:54:27,767][INFO ][o.e.e.NodeEnvironment    ] [] heap size [2gb], compressed ordinary object pointers [true]
[2021-01-28T16:54:27,980][INFO ][o.e.n.Node               ] [] node name [], node ID [LoHWJV34SV62bbR5uyJrCA], cluster name [elasticsearch], roles [transform, master, remote_cluster_client, data, ml, data_content, data_hot, data_warm, data_cold, ingest]
[2021-01-28T16:54:35,043][INFO ][o.e.x.m.p.l.CppLogMessageHandler] [] [controller/75566] [Main.cc@114] controller (64 bit): Version 7.10.0 (Build ac991e2e31f99d) Copyright (c) 2020 Elasticsearch BV
[2021-01-28T16:54:38,675][INFO ][o.e.t.NettyAllocator     ] [] creating NettyAllocator with the following configs: [name=elasticsearch_configured, chunk_size=256kb, suggested_max_allocation_size=256kb, factors={es.unsafe.use_netty_default_chunk_and_page_size=false, g1gc_enabled=true, g1gc_region_size=1mb}]
[2021-01-28T16:54:38,810][INFO ][o.e.d.DiscoveryModule    ] [] using discovery type [zen] and seed hosts providers [settings]
[2021-01-28T16:54:39,782][WARN ][o.e.g.DanglingIndicesState] [] gateway.auto_import_dangling_indices is disabled, dangling indices will not be automatically detected or imported and must be managed manually
[2021-01-28T16:54:42,467][INFO ][o.e.n.Node               ] [] initialized
[2021-01-28T16:54:42,487][INFO ][o.e.n.Node               ] [] starting ...
[2021-01-28T16:54:43,421][INFO ][o.e.t.TransportService   ] [] publish_address {127.0.0.1:9300}, bound_addresses {[::1]:9300}, {127.0.0.1:9300}
[2021-01-28T16:54:45,958][WARN ][o.e.b.BootstrapChecks    ] [] initial heap size [134217728] not equal to maximum heap size [2147483648]; this can cause resize pauses
[2021-01-28T16:54:45,959][WARN ][o.e.b.BootstrapChecks    ] [] granting the all permission effectively disables security
[2021-01-28T16:54:45,960][WARN ][o.e.b.BootstrapChecks    ] [] the default discovery settings are unsuitable for production use; at least one of [discovery.seed_hosts, discovery.seed_providers, cluster.initial_master_nodes] must be configured
[2021-01-28T16:54:46,023][INFO ][o.e.c.c.ClusterBootstrapService] [] no discovery configuration found, will perform best-effort cluster bootstrapping after [3s] unless existing master is discovered
[2021-01-28T16:54:49,031][INFO ][o.e.c.c.Coordinator      ] [] setting initial configuration to VotingConfiguration{LoHWJV34SV62bbR5uyJrCA}
[2021-01-28T16:54:50,475][INFO ][o.e.c.s.MasterService    ] [] elected-as-master ([1] nodes joined)[{LoHWJV34SV62bbR5uyJrCA}{YnQRNCLsQWeX5GfjzQuMjQ}{127.0.0.1}{127.0.0.1:9300}{cdhilmrstw}{ml.machine_memory=8589934592, xpack.installed=true, transform.node=true, ml.max_open_jobs=20} elect leader, _BECOME_MASTER_TASK_, _FINISH_ELECTION_], term: 1, version: 1, delta: master node changed {previous [], current [{LoHWJV34SV62bbR5uyJrCA}{YnQRNCLsQWeX5GfjzQuMjQ}{127.0.0.1}{127.0.0.1:9300}{cdhilmrstw}{ml.machine_memory=8589934592, xpack.installed=true, transform.node=true, ml.max_open_jobs=20}]}
[2021-01-28T16:54:50,659][INFO ][o.e.c.c.CoordinationState] [] cluster UUID set to [fDYYqsrjT369he3Tjxu9fw]
[2021-01-28T16:54:50,773][INFO ][o.e.c.s.ClusterApplierService] [] master node changed {previous [], current [{LoHWJV34SV62bbR5uyJrCA}{YnQRNCLsQWeX5GfjzQuMjQ}{127.0.0.1}{127.0.0.1:9300}{cdhilmrstw}{ml.machine_memory=8589934592, xpack.installed=true, transform.node=true, ml.max_open_jobs=20}]}, term: 1, version: 1, reason: Publication{term=1, version=1}
[2021-01-28T16:54:50,879][INFO ][o.e.h.AbstractHttpServerTransport] [] publish_address {127.0.0.1:9200}, bound_addresses {[::1]:9200}, {127.0.0.1:9200}
[2021-01-28T16:54:50,901][INFO ][o.e.n.Node               ] [] started
[2021-01-28T16:54:50,981][INFO ][o.e.x.c.t.IndexTemplateRegistry] [] adding legacy template [.ml-anomalies-] for [ml], because it doesn't exist
[2021-01-28T16:54:50,982][INFO ][o.e.x.c.t.IndexTemplateRegistry] [] adding legacy template [.ml-state] for [ml], because it doesn't exist
[2021-01-28T16:54:50,982][INFO ][o.e.x.c.t.IndexTemplateRegistry] [] adding legacy template [.ml-config] for [ml], because it doesn't exist
[2021-01-28T16:54:50,983][INFO ][o.e.x.c.t.IndexTemplateRegistry] [] adding legacy template [.ml-inference-000003] for [ml], because it doesn't exist
[2021-01-28T16:54:50,985][INFO ][o.e.x.c.t.IndexTemplateRegistry] [] adding legacy template [.ml-meta] for [ml], because it doesn't exist
[2021-01-28T16:54:51,009][INFO ][o.e.x.c.t.IndexTemplateRegistry] [] adding legacy template [.ml-notifications-000001] for [ml], because it doesn't exist
[2021-01-28T16:54:51,009][INFO ][o.e.x.c.t.IndexTemplateRegistry] [] adding legacy template [.ml-stats] for [ml], because it doesn't exist
[2021-01-28T16:54:52,014][INFO ][o.e.g.GatewayService     ] [] recovered [0] indices into cluster_state
[2021-01-28T16:54:53,298][INFO ][o.e.c.m.MetadataIndexTemplateService] [] adding template [.ml-inference-000003] for index patterns [.ml-inference-000003]
[2021-01-28T16:54:53,465][INFO ][o.e.c.m.MetadataIndexTemplateService] [] adding template [.ml-state] for index patterns [.ml-state*]
[2021-01-28T16:54:53,617][INFO ][o.e.c.m.MetadataIndexTemplateService] [] adding template [.ml-config] for index patterns [.ml-config]
[2021-01-28T16:54:53,844][INFO ][o.e.c.m.MetadataIndexTemplateService] [] adding template [.ml-anomalies-] for index patterns [.ml-anomalies-*]
[2021-01-28T16:54:53,970][INFO ][o.e.c.m.MetadataIndexTemplateService] [] adding template [.ml-notifications-000001] for index patterns [.ml-notifications-000001]
[2021-01-28T16:54:54,062][INFO ][o.e.c.m.MetadataIndexTemplateService] [] adding template [.ml-meta] for index patterns [.ml-meta]
[2021-01-28T16:54:54,170][INFO ][o.e.c.m.MetadataIndexTemplateService] [] adding template [.ml-stats] for index patterns [.ml-stats-*]
[2021-01-28T16:54:54,276][INFO ][o.e.c.m.MetadataIndexTemplateService] [] adding component template [metrics-settings]
[2021-01-28T16:54:54,387][INFO ][o.e.c.m.MetadataIndexTemplateService] [] adding component template [logs-mappings]
[2021-01-28T16:54:54,570][INFO ][o.e.c.m.MetadataIndexTemplateService] [] adding component template [synthetics-settings]
[2021-01-28T16:54:54,650][INFO ][o.e.c.m.MetadataIndexTemplateService] [] adding component template [logs-settings]
[2021-01-28T16:54:54,765][INFO ][o.e.c.m.MetadataIndexTemplateService] [] adding component template [synthetics-mappings]
[2021-01-28T16:54:54,945][INFO ][o.e.c.m.MetadataIndexTemplateService] [] adding component template [metrics-mappings]
[2021-01-28T16:54:55,165][INFO ][o.e.c.m.MetadataIndexTemplateService] [] adding index template [.triggered_watches] for index patterns [.triggered_watches*]
[2021-01-28T16:54:55,269][INFO ][o.e.c.m.MetadataIndexTemplateService] [] adding index template [.watch-history-12] for index patterns [.watcher-history-12*]
[2021-01-28T16:54:55,356][INFO ][o.e.c.m.MetadataIndexTemplateService] [] adding index template [.watches] for index patterns [.watches*]
[2021-01-28T16:54:55,527][INFO ][o.e.c.m.MetadataIndexTemplateService] [] adding index template [ilm-history] for index patterns [ilm-history-3*]
[2021-01-28T16:54:55,681][INFO ][o.e.c.m.MetadataIndexTemplateService] [] adding index template [.slm-history] for index patterns [.slm-history-3*]
[2021-01-28T16:54:55,791][INFO ][o.e.c.m.MetadataIndexTemplateService] [] adding template [.monitoring-alerts-7] for index patterns [.monitoring-alerts-7]
[2021-01-28T16:54:55,901][INFO ][o.e.c.m.MetadataIndexTemplateService] [] adding template [.monitoring-es] for index patterns [.monitoring-es-7-*]
[2021-01-28T16:54:56,036][INFO ][o.e.c.m.MetadataIndexTemplateService] [] adding template [.monitoring-kibana] for index patterns [.monitoring-kibana-7-*]
[2021-01-28T16:54:56,159][INFO ][o.e.c.m.MetadataIndexTemplateService] [] adding template [.monitoring-logstash] for index patterns [.monitoring-logstash-7-*]
[2021-01-28T16:54:56,280][INFO ][o.e.c.m.MetadataIndexTemplateService] [] adding template [.monitoring-beats] for index patterns [.monitoring-beats-7-*]
[2021-01-28T16:54:56,382][INFO ][o.e.c.m.MetadataIndexTemplateService] [] adding index template [logs] for index patterns [logs-*-*]
[2021-01-28T16:54:56,483][INFO ][o.e.c.m.MetadataIndexTemplateService] [] adding index template [synthetics] for index patterns [synthetics-*-*]
[2021-01-28T16:54:56,599][INFO ][o.e.c.m.MetadataIndexTemplateService] [] adding index template [metrics] for index patterns [metrics-*-*]
[2021-01-28T16:54:56,683][INFO ][o.e.x.i.a.TransportPutLifecycleAction] [] adding index lifecycle policy [ml-size-based-ilm-policy]
[2021-01-28T16:54:56,818][INFO ][o.e.x.i.a.TransportPutLifecycleAction] [] adding index lifecycle policy [synthetics]
[2021-01-28T16:54:56,932][INFO ][o.e.x.i.a.TransportPutLifecycleAction] [] adding index lifecycle policy [metrics]
[2021-01-28T16:54:57,014][INFO ][o.e.x.i.a.TransportPutLifecycleAction] [] adding index lifecycle policy [logs]
[2021-01-28T16:54:57,113][INFO ][o.e.x.i.a.TransportPutLifecycleAction] [] adding index lifecycle policy [watch-history-ilm-policy]
[2021-01-28T16:54:57,250][INFO ][o.e.x.i.a.TransportPutLifecycleAction] [] adding index lifecycle policy [ilm-history-ilm-policy]
[2021-01-28T16:54:57,355][INFO ][o.e.x.i.a.TransportPutLifecycleAction] [] adding index lifecycle policy [slm-history-ilm-policy]
[2021-01-28T16:54:57,572][INFO ][o.e.l.LicenseService     ] [] license [42ca4073-70f8-4f13-b2da-046ea64ef450] mode [basic] - valid
[2021-01-28T16:54:57,576][INFO ][o.e.x.s.s.SecurityStatusChangeListener] [] Active license is now [BASIC]; Security is disabled
[2021-01-28T16:55:20,929][WARN ][o.e.c.r.a.DiskThresholdMonitor] [] flood stage disk watermark [95%] exceeded on [LoHWJV34SV62bbR5uyJrCA][][/Users/zhangfengxin/idea_workspace/elasticsearch/data/data/nodes/0] free: 4.6gb[4%], all indices on this node will be marked read-only
[2021-01-28T16:55:50,971][WARN ][o.e.c.r.a.DiskThresholdMonitor] [] flood stage disk watermark [95%] exceeded on [LoHWJV34SV62bbR5uyJrCA][][/Users/zhangfengxin/idea_workspace/elasticsearch/data/data/nodes/0] free: 4.6gb[4%], all indices on this node will be marked read-only
[2021-01-28T16:56:21,015][WARN ][o.e.c.r.a.DiskThresholdMonitor] [] flood stage disk watermark [95%] exceeded on [LoHWJV34SV62bbR5uyJrCA][][/Users/zhangfengxin/idea_workspace/elasticsearch/data/data/nodes/0] free: 4.5gb[4%], all indices on this node will be marked read-only
[2021-01-28T16:56:51,040][WARN ][o.e.c.r.a.DiskThresholdMonitor] [] flood stage disk watermark [95%] exceeded on [LoHWJV34SV62bbR5uyJrCA][][/Users/zhangfengxin/idea_workspace/elasticsearch/data/data/nodes/0] free: 4.5gb[4%], all indices on this node will be marked read-only
[2021-01-28T16:57:21,049][WARN ][o.e.c.r.a.DiskThresholdMonitor] [] flood stage disk watermark [95%] exceeded on [LoHWJV34SV62bbR5uyJrCA][][/Users/zhangfengxin/idea_workspace/elasticsearch/data/data/nodes/0] free: 2.5gb[2.2%], all indices on this node will be marked read-only
[2021-01-28T16:57:51,091][WARN ][o.e.c.r.a.DiskThresholdMonitor] [] flood stage disk watermark [95%] exceeded on [LoHWJV34SV62bbR5uyJrCA][][/Users/zhangfengxin/idea_workspace/elasticsearch/data/data/nodes/0] free: 2.5gb[2.2%], all indices on this node will be marked read-only
[2021-01-28T16:58:21,106][WARN ][o.e.c.r.a.DiskThresholdMonitor] [] flood stage disk watermark [95%] exceeded on [LoHWJV34SV62bbR5uyJrCA][][/Users/zhangfengxin/idea_workspace/elasticsearch/data/data/nodes/0] free: 3.5gb[3.1%], all indices on this node will be marked read-only
[2021-01-28T16:58:51,140][WARN ][o.e.c.r.a.DiskThresholdMonitor] [] flood stage disk watermark [95%] exceeded on [LoHWJV34SV62bbR5uyJrCA][][/Users/zhangfengxin/idea_workspace/elasticsearch/data/data/nodes/0] free: 3.5gb[3.1%], all indices on this node will be marked read-only
[2021-01-28T16:59:21,147][WARN ][o.e.c.r.a.DiskThresholdMonitor] [] flood stage disk watermark [95%] exceeded on [LoHWJV34SV62bbR5uyJrCA][][/Users/zhangfengxin/idea_workspace/elasticsearch/data/data/nodes/0] free: 3.5gb[3.1%], all indices on this node will be marked read-only
[2021-01-28T16:59:51,175][WARN ][o.e.c.r.a.DiskThresholdMonitor] [] flood stage disk watermark [95%] exceeded on [LoHWJV34SV62bbR5uyJrCA][][/Users/zhangfengxin/idea_workspace/elasticsearch/data/data/nodes/0] free: 3.5gb[3.1%], all indices on this node will be marked read-only
[2021-01-28T17:00:21,182][WARN ][o.e.c.r.a.DiskThresholdMonitor] [] flood stage disk watermark [95%] exceeded on [LoHWJV34SV62bbR5uyJrCA][][/Users/zhangfengxin/idea_workspace/elasticsearch/data/data/nodes/0] free: 2.5gb[2.2%], all indices on this node will be marked read-only
[2021-01-28T17:00:51,187][WARN ][o.e.c.r.a.DiskThresholdMonitor] [] flood stage disk watermark [95%] exceeded on [LoHWJV34SV62bbR5uyJrCA][][/Users/zhangfengxin/idea_workspace/elasticsearch/data/data/nodes/0] free: 2.5gb[2.2%], all indices on this node will be marked read-only
[2021-01-28T17:01:21,211][WARN ][o.e.c.r.a.DiskThresholdMonitor] [] flood stage disk watermark [95%] exceeded on [LoHWJV34SV62bbR5uyJrCA][][/Users/zhangfengxin/idea_workspace/elasticsearch/data/data/nodes/0] free: 3.5gb[3.1%], all indices on this node will be marked read-only
[2021-01-28T17:01:51,221][WARN ][o.e.c.r.a.DiskThresholdMonitor] [] flood stage disk watermark [95%] exceeded on [LoHWJV34SV62bbR5uyJrCA][][/Users/zhangfengxin/idea_workspace/elasticsearch/data/data/nodes/0] free: 2.5gb[2.2%], all indices on this node will be marked read-only
[2021-01-28T17:02:21,229][WARN ][o.e.c.r.a.DiskThresholdMonitor] [] flood stage disk watermark [95%] exceeded on [LoHWJV34SV62bbR5uyJrCA][][/Users/zhangfengxin/idea_workspace/elasticsearch/data/data/nodes/0] free: 2.5gb[2.2%], all indices on this node will be marked read-only
[2021-01-28T17:02:51,261][WARN ][o.e.c.r.a.DiskThresholdMonitor] [] flood stage disk watermark [95%] exceeded on [LoHWJV34SV62bbR5uyJrCA][][/Users/zhangfengxin/idea_workspace/elasticsearch/data/data/nodes/0] free: 2.5gb[2.2%], all indices on this node will be marked read-only
[2021-01-28T17:03:02,012][INFO ][o.e.m.j.JvmGcMonitorService] [] [gc][young][495][199] duration [922ms], collections [1]/[1.9s], total [922ms]/[1.7s], memory [333.9mb]->[80.4mb]/[2gb], all_pools {[young] [254mb]->[0b]/[0b]}{[old] [66.9mb]->[67.4mb]/[2gb]}{[survivor] [13mb]->[13mb]/[0b]}
[2021-01-28T17:03:02,017][INFO ][o.e.m.j.JvmGcMonitorService] [] [gc][495] overhead, spent [922ms] collecting in the last [1.9s]
[2021-01-28T17:03:21,288][WARN ][o.e.c.r.a.DiskThresholdMonitor] [] flood stage disk watermark [95%] exceeded on [LoHWJV34SV62bbR5uyJrCA][][/Users/zhangfengxin/idea_workspace/elasticsearch/data/data/nodes/0] free: 2.5gb[2.2%], all indices on this node will be marked read-only
[2021-01-28T17:03:51,695][WARN ][o.e.c.r.a.DiskThresholdMonitor] [] flood stage disk watermark [95%] exceeded on [LoHWJV34SV62bbR5uyJrCA][][/Users/zhangfengxin/idea_workspace/elasticsearch/data/data/nodes/0] free: 2.5gb[2.2%], all indices on this node will be marked read-only
[2021-01-28T17:04:21,752][WARN ][o.e.c.r.a.DiskThresholdMonitor] [] flood stage disk watermark [95%] exceeded on [LoHWJV34SV62bbR5uyJrCA][][/Users/zhangfengxin/idea_workspace/elasticsearch/data/data/nodes/0] free: 2.5gb[2.2%], all indices on this node will be marked read-only
[2021-01-28T17:04:51,778][WARN ][o.e.c.r.a.DiskThresholdMonitor] [] flood stage disk watermark [95%] exceeded on [LoHWJV34SV62bbR5uyJrCA][][/Users/zhangfengxin/idea_workspace/elasticsearch/data/data/nodes/0] free: 2.5gb[2.2%], all indices on this node will be marked read-only
[2021-01-28T17:05:21,949][WARN ][o.e.c.r.a.DiskThresholdMonitor] [] flood stage disk watermark [95%] exceeded on [LoHWJV34SV62bbR5uyJrCA][][/Users/zhangfengxin/idea_workspace/elasticsearch/data/data/nodes/0] free: 2.5gb[2.2%], all indices on this node will be marked read-only
[2021-01-28T17:05:52,785][WARN ][o.e.c.r.a.DiskThresholdMonitor] [] flood stage disk watermark [95%] exceeded on [LoHWJV34SV62bbR5uyJrCA][][/Users/zhangfengxin/idea_workspace/elasticsearch/data/data/nodes/0] free: 2.9gb[2.6%], all indices on this node will be marked read-only
[2021-01-28T17:06:22,814][WARN ][o.e.c.r.a.DiskThresholdMonitor] [] flood stage disk watermark [95%] exceeded on [LoHWJV34SV62bbR5uyJrCA][][/Users/zhangfengxin/idea_workspace/elasticsearch/data/data/nodes/0] free: 2.9gb[2.6%], all indices on this node will be marked read-only
[2021-01-28T17:06:52,851][WARN ][o.e.c.r.a.DiskThresholdMonitor] [] flood stage disk watermark [95%] exceeded on [LoHWJV34SV62bbR5uyJrCA][][/Users/zhangfengxin/idea_workspace/elasticsearch/data/data/nodes/0] free: 2.9gb[2.6%], all indices on this node will be marked read-only
[2021-01-28T17:07:22,859][WARN ][o.e.c.r.a.DiskThresholdMonitor] [] flood stage disk watermark [95%] exceeded on [LoHWJV34SV62bbR5uyJrCA][][/Users/zhangfengxin/idea_workspace/elasticsearch/data/data/nodes/0] free: 5.1gb[4.5%], all indices on this node will be marked read-only
[2021-01-28T17:07:52,874][WARN ][o.e.c.r.a.DiskThresholdMonitor] [] flood stage disk watermark [95%] exceeded on [LoHWJV34SV62bbR5uyJrCA][][/Users/zhangfengxin/idea_workspace/elasticsearch/data/data/nodes/0] free: 5.1gb[4.5%], all indices on this node will be marked read-only
[2021-01-28T17:08:23,069][WARN ][o.e.c.r.a.DiskThresholdMonitor] [] high disk watermark [90%] exceeded on [LoHWJV34SV62bbR5uyJrCA][][/Users/zhangfengxin/idea_workspace/elasticsearch/data/data/nodes/0] free: 6.1gb[5.4%], shards will be relocated away from this node; currently relocating away shards totalling [0] bytes; the node is expected to continue to exceed the high disk watermark when these relocations are complete
[2021-01-28T17:09:53,060][WARN ][o.e.c.r.a.DiskThresholdMonitor] [] high disk watermark [90%] exceeded on [LoHWJV34SV62bbR5uyJrCA][][/Users/zhangfengxin/idea_workspace/elasticsearch/data/data/nodes/0] free: 7.5gb[6.6%], shards will be relocated away from this node; currently relocating away shards totalling [0] bytes; the node is expected to continue to exceed the high disk watermark when these relocations are complete
[2021-01-28T17:11:23,108][WARN ][o.e.c.r.a.DiskThresholdMonitor] [] high disk watermark [90%] exceeded on [LoHWJV34SV62bbR5uyJrCA][][/Users/zhangfengxin/idea_workspace/elasticsearch/data/data/nodes/0] free: 6.5gb[5.7%], shards will be relocated away from this node; currently relocating away shards totalling [0] bytes; the node is expected to continue to exceed the high disk watermark when these relocations are complete
[2021-01-28T17:11:53,120][WARN ][o.e.c.r.a.DiskThresholdMonitor] [] flood stage disk watermark [95%] exceeded on [LoHWJV34SV62bbR5uyJrCA][][/Users/zhangfengxin/idea_workspace/elasticsearch/data/data/nodes/0] free: 5.5gb[4.8%], all indices on this node will be marked read-only
[2021-01-28T17:12:23,126][WARN ][o.e.c.r.a.DiskThresholdMonitor] [] flood stage disk watermark [95%] exceeded on [LoHWJV34SV62bbR5uyJrCA][][/Users/zhangfengxin/idea_workspace/elasticsearch/data/data/nodes/0] free: 5.5gb[4.8%], all indices on this node will be marked read-only
[2021-01-28T17:12:53,149][WARN ][o.e.c.r.a.DiskThresholdMonitor] [] high disk watermark [90%] exceeded on [LoHWJV34SV62bbR5uyJrCA][][/Users/zhangfengxin/idea_workspace/elasticsearch/data/data/nodes/0] free: 6.5gb[5.7%], shards will be relocated away from this node; currently relocating away shards totalling [0] bytes; the node is expected to continue to exceed the high disk watermark when these relocations are complete
[2021-01-28T17:13:23,148][WARN ][o.e.c.r.a.DiskThresholdMonitor] [] flood stage disk watermark [95%] exceeded on [LoHWJV34SV62bbR5uyJrCA][][/Users/zhangfengxin/idea_workspace/elasticsearch/data/data/nodes/0] free: 5.4gb[4.8%], all indices on this node will be marked read-only
[2021-01-28T17:13:53,154][WARN ][o.e.c.r.a.DiskThresholdMonitor] [] flood stage disk watermark [95%] exceeded on [LoHWJV34SV62bbR5uyJrCA][][/Users/zhangfengxin/idea_workspace/elasticsearch/data/data/nodes/0] free: 5.4gb[4.8%], all indices on this node will be marked read-only
[2021-01-28T17:14:23,159][WARN ][o.e.c.r.a.DiskThresholdMonitor] [] flood stage disk watermark [95%] exceeded on [LoHWJV34SV62bbR5uyJrCA][][/Users/zhangfengxin/idea_workspace/elasticsearch/data/data/nodes/0] free: 5.4gb[4.8%], all indices on this node will be marked read-only
[2021-01-28T17:14:53,169][WARN ][o.e.c.r.a.DiskThresholdMonitor] [] flood stage disk watermark [95%] exceeded on [LoHWJV34SV62bbR5uyJrCA][][/Users/zhangfengxin/idea_workspace/elasticsearch/data/data/nodes/0] free: 5.4gb[4.7%], all indices on this node will be marked read-only
[2021-01-28T17:15:23,176][WARN ][o.e.c.r.a.DiskThresholdMonitor] [] flood stage disk watermark [95%] exceeded on [LoHWJV34SV62bbR5uyJrCA][][/Users/zhangfengxin/idea_workspace/elasticsearch/data/data/nodes/0] free: 5.4gb[4.7%], all indices on this node will be marked read-only
[2021-01-28T17:15:53,199][WARN ][o.e.c.r.a.DiskThresholdMonitor] [] flood stage disk watermark [95%] exceeded on [LoHWJV34SV62bbR5uyJrCA][][/Users/zhangfengxin/idea_workspace/elasticsearch/data/data/nodes/0] free: 5.3gb[4.7%], all indices on this node will be marked read-only
[2021-01-28T17:16:23,207][WARN ][o.e.c.r.a.DiskThresholdMonitor] [] flood stage disk watermark [95%] exceeded on [LoHWJV34SV62bbR5uyJrCA][][/Users/zhangfengxin/idea_workspace/elasticsearch/data/data/nodes/0] free: 5.3gb[4.7%], all indices on this node will be marked read-only
[2021-01-28T17:16:53,254][WARN ][o.e.c.r.a.DiskThresholdMonitor] [] flood stage disk watermark [95%] exceeded on [LoHWJV34SV62bbR5uyJrCA][][/Users/zhangfengxin/idea_workspace/elasticsearch/data/data/nodes/0] free: 5.4gb[4.8%], all indices on this node will be marked read-only
[2021-01-28T17:17:23,259][WARN ][o.e.c.r.a.DiskThresholdMonitor] [] flood stage disk watermark [95%] exceeded on [LoHWJV34SV62bbR5uyJrCA][][/Users/zhangfengxin/idea_workspace/elasticsearch/data/data/nodes/0] free: 5.5gb[4.8%], all indices on this node will be marked read-only
[2021-01-28T17:17:53,266][WARN ][o.e.c.r.a.DiskThresholdMonitor] [] flood stage disk watermark [95%] exceeded on [LoHWJV34SV62bbR5uyJrCA][][/Users/zhangfengxin/idea_workspace/elasticsearch/data/data/nodes/0] free: 5.5gb[4.9%], all indices on this node will be marked read-only
[2021-01-28T17:18:23,274][WARN ][o.e.c.r.a.DiskThresholdMonitor] [] flood stage disk watermark [95%] exceeded on [LoHWJV34SV62bbR5uyJrCA][][/Users/zhangfengxin/idea_workspace/elasticsearch/data/data/nodes/0] free: 5.5gb[4.9%], all indices on this node will be marked read-only
[2021-01-28T17:18:53,284][WARN ][o.e.c.r.a.DiskThresholdMonitor] [] flood stage disk watermark [95%] exceeded on [LoHWJV34SV62bbR5uyJrCA][][/Users/zhangfengxin/idea_workspace/elasticsearch/data/data/nodes/0] free: 5.5gb[4.9%], all indices on this node will be marked read-only
[2021-01-28T17:19:23,292][WARN ][o.e.c.r.a.DiskThresholdMonitor] [] flood stage disk watermark [95%] exceeded on [LoHWJV34SV62bbR5uyJrCA][][/Users/zhangfengxin/idea_workspace/elasticsearch/data/data/nodes/0] free: 5.5gb[4.8%], all indices on this node will be marked read-only
[2021-01-28T17:19:53,297][WARN ][o.e.c.r.a.DiskThresholdMonitor] [] flood stage disk watermark [95%] exceeded on [LoHWJV34SV62bbR5uyJrCA][][/Users/zhangfengxin/idea_workspace/elasticsearch/data/data/nodes/0] free: 5.5gb[4.8%], all indices on this node will be marked read-only
[2021-01-28T17:20:23,306][WARN ][o.e.c.r.a.DiskThresholdMonitor] [] flood stage disk watermark [95%] exceeded on [LoHWJV34SV62bbR5uyJrCA][][/Users/zhangfengxin/idea_workspace/elasticsearch/data/data/nodes/0] free: 5.5gb[4.8%], all indices on this node will be marked read-only
[2021-01-28T17:20:53,324][WARN ][o.e.c.r.a.DiskThresholdMonitor] [] flood stage disk watermark [95%] exceeded on [LoHWJV34SV62bbR5uyJrCA][][/Users/zhangfengxin/idea_workspace/elasticsearch/data/data/nodes/0] free: 5.5gb[4.8%], all indices on this node will be marked read-only
[2021-01-28T17:21:23,336][WARN ][o.e.c.r.a.DiskThresholdMonitor] [] flood stage disk watermark [95%] exceeded on [LoHWJV34SV62bbR5uyJrCA][][/Users/zhangfengxin/idea_workspace/elasticsearch/data/data/nodes/0] free: 5.5gb[4.8%], all indices on this node will be marked read-only
[2021-01-28T17:21:53,354][WARN ][o.e.c.r.a.DiskThresholdMonitor] [] flood stage disk watermark [95%] exceeded on [LoHWJV34SV62bbR5uyJrCA][][/Users/zhangfengxin/idea_workspace/elasticsearch/data/data/nodes/0] free: 5.5gb[4.8%], all indices on this node will be marked read-only
[2021-01-28T17:22:23,364][WARN ][o.e.c.r.a.DiskThresholdMonitor] [] flood stage disk watermark [95%] exceeded on [LoHWJV34SV62bbR5uyJrCA][][/Users/zhangfengxin/idea_workspace/elasticsearch/data/data/nodes/0] free: 5.4gb[4.8%], all indices on this node will be marked read-only
[2021-01-28T17:22:53,379][WARN ][o.e.c.r.a.DiskThresholdMonitor] [] flood stage disk watermark [95%] exceeded on [LoHWJV34SV62bbR5uyJrCA][][/Users/zhangfengxin/idea_workspace/elasticsearch/data/data/nodes/0] free: 5.4gb[4.8%], all indices on this node will be marked read-only
[2021-01-28T17:23:23,394][WARN ][o.e.c.r.a.DiskThresholdMonitor] [] flood stage disk watermark [95%] exceeded on [LoHWJV34SV62bbR5uyJrCA][][/Users/zhangfengxin/idea_workspace/elasticsearch/data/data/nodes/0] free: 5.4gb[4.8%], all indices on this node will be marked read-only
[2021-01-28T17:23:53,403][WARN ][o.e.c.r.a.DiskThresholdMonitor] [] flood stage disk watermark [95%] exceeded on [LoHWJV34SV62bbR5uyJrCA][][/Users/zhangfengxin/idea_workspace/elasticsearch/data/data/nodes/0] free: 5.4gb[4.8%], all indices on this node will be marked read-only
[2021-01-28T17:24:23,415][WARN ][o.e.c.r.a.DiskThresholdMonitor] [] flood stage disk watermark [95%] exceeded on [LoHWJV34SV62bbR5uyJrCA][][/Users/zhangfengxin/idea_workspace/elasticsearch/data/data/nodes/0] free: 5.4gb[4.8%], all indices on this node will be marked read-only
[2021-01-28T17:24:53,423][WARN ][o.e.c.r.a.DiskThresholdMonitor] [] flood stage disk watermark [95%] exceeded on [LoHWJV34SV62bbR5uyJrCA][][/Users/zhangfengxin/idea_workspace/elasticsearch/data/data/nodes/0] free: 5.5gb[4.9%], all indices on this node will be marked read-only
[2021-01-28T17:25:23,429][WARN ][o.e.c.r.a.DiskThresholdMonitor] [] flood stage disk watermark [95%] exceeded on [LoHWJV34SV62bbR5uyJrCA][][/Users/zhangfengxin/idea_workspace/elasticsearch/data/data/nodes/0] free: 5.5gb[4.9%], all indices on this node will be marked read-only
[2021-01-28T17:25:53,435][WARN ][o.e.c.r.a.DiskThresholdMonitor] [] flood stage disk watermark [95%] exceeded on [LoHWJV34SV62bbR5uyJrCA][][/Users/zhangfengxin/idea_workspace/elasticsearch/data/data/nodes/0] free: 5.5gb[4.9%], all indices on this node will be marked read-only
[2021-01-28T17:26:23,457][WARN ][o.e.c.r.a.DiskThresholdMonitor] [] flood stage disk watermark [95%] exceeded on [LoHWJV34SV62bbR5uyJrCA][][/Users/zhangfengxin/idea_workspace/elasticsearch/data/data/nodes/0] free: 5.5gb[4.9%], all indices on this node will be marked read-only
[2021-01-28T17:26:53,465][WARN ][o.e.c.r.a.DiskThresholdMonitor] [] flood stage disk watermark [95%] exceeded on [LoHWJV34SV62bbR5uyJrCA][][/Users/zhangfengxin/idea_workspace/elasticsearch/data/data/nodes/0] free: 5.5gb[4.9%], all indices on this node will be marked read-only
[2021-01-28T17:27:23,469][WARN ][o.e.c.r.a.DiskThresholdMonitor] [] flood stage disk watermark [95%] exceeded on [LoHWJV34SV62bbR5uyJrCA][][/Users/zhangfengxin/idea_workspace/elasticsearch/data/data/nodes/0] free: 5.5gb[4.9%], all indices on this node will be marked read-only
[2021-01-28T17:27:53,481][WARN ][o.e.c.r.a.DiskThresholdMonitor] [] flood stage disk watermark [95%] exceeded on [LoHWJV34SV62bbR5uyJrCA][][/Users/zhangfengxin/idea_workspace/elasticsearch/data/data/nodes/0] free: 5.5gb[4.9%], all indices on this node will be marked read-only
[2021-01-28T17:28:23,492][WARN ][o.e.c.r.a.DiskThresholdMonitor] [] flood stage disk watermark [95%] exceeded on [LoHWJV34SV62bbR5uyJrCA][][/Users/zhangfengxin/idea_workspace/elasticsearch/data/data/nodes/0] free: 5.5gb[4.9%], all indices on this node will be marked read-only
[2021-01-28T17:28:53,496][WARN ][o.e.c.r.a.DiskThresholdMonitor] [] flood stage disk watermark [95%] exceeded on [LoHWJV34SV62bbR5uyJrCA][][/Users/zhangfengxin/idea_workspace/elasticsearch/data/data/nodes/0] free: 5.5gb[4.9%], all indices on this node will be marked read-only
[2021-01-28T17:29:23,550][WARN ][o.e.c.r.a.DiskThresholdMonitor] [] flood stage disk watermark [95%] exceeded on [LoHWJV34SV62bbR5uyJrCA][][/Users/zhangfengxin/idea_workspace/elasticsearch/data/data/nodes/0] free: 5.5gb[4.9%], all indices on this node will be marked read-only
[2021-01-28T17:29:53,604][WARN ][o.e.c.r.a.DiskThresholdMonitor] [] high disk watermark [90%] exceeded on [LoHWJV34SV62bbR5uyJrCA][][/Users/zhangfengxin/idea_workspace/elasticsearch/data/data/nodes/0] free: 6.5gb[5.8%], shards will be relocated away from this node; currently relocating away shards totalling [0] bytes; the node is expected to continue to exceed the high disk watermark when these relocations are complete
[2021-01-28T17:30:53,608][WARN ][o.e.c.r.a.DiskThresholdMonitor] [] high disk watermark [90%] exceeded on [LoHWJV34SV62bbR5uyJrCA][][/Users/zhangfengxin/idea_workspace/elasticsearch/data/data/nodes/0] free: 6.5gb[5.8%], shards will be relocated away from this node; currently relocating away shards totalling [0] bytes; the node is expected to continue to exceed the high disk watermark when these relocations are complete
[2021-01-28T17:31:53,756][WARN ][o.e.c.r.a.DiskThresholdMonitor] [] high disk watermark [90%] exceeded on [LoHWJV34SV62bbR5uyJrCA][][/Users/zhangfengxin/idea_workspace/elasticsearch/data/data/nodes/0] free: 6.5gb[5.8%], shards will be relocated away from this node; currently relocating away shards totalling [0] bytes; the node is expected to continue to exceed the high disk watermark when these relocations are complete
[2021-01-28T17:32:53,879][WARN ][o.e.c.r.a.DiskThresholdMonitor] [] high disk watermark [90%] exceeded on [LoHWJV34SV62bbR5uyJrCA][][/Users/zhangfengxin/idea_workspace/elasticsearch/data/data/nodes/0] free: 6.5gb[5.8%], shards will be relocated away from this node; currently relocating away shards totalling [0] bytes; the node is expected to continue to exceed the high disk watermark when these relocations are complete
[2021-01-28T17:33:53,918][WARN ][o.e.c.r.a.DiskThresholdMonitor] [] flood stage disk watermark [95%] exceeded on [LoHWJV34SV62bbR5uyJrCA][][/Users/zhangfengxin/idea_workspace/elasticsearch/data/data/nodes/0] free: 5.5gb[4.9%], all indices on this node will be marked read-only
[2021-01-28T17:34:23,936][WARN ][o.e.c.r.a.DiskThresholdMonitor] [] flood stage disk watermark [95%] exceeded on [LoHWJV34SV62bbR5uyJrCA][][/Users/zhangfengxin/idea_workspace/elasticsearch/data/data/nodes/0] free: 4.5gb[4%], all indices on this node will be marked read-only
[2021-01-28T17:34:53,944][WARN ][o.e.c.r.a.DiskThresholdMonitor] [] flood stage disk watermark [95%] exceeded on [LoHWJV34SV62bbR5uyJrCA][][/Users/zhangfengxin/idea_workspace/elasticsearch/data/data/nodes/0] free: 5.4gb[4.8%], all indices on this node will be marked read-only
[2021-01-28T17:35:24,004][WARN ][o.e.c.r.a.DiskThresholdMonitor] [] high disk watermark [90%] exceeded on [LoHWJV34SV62bbR5uyJrCA][][/Users/zhangfengxin/idea_workspace/elasticsearch/data/data/nodes/0] free: 7.5gb[6.7%], shards will be relocated away from this node; currently relocating away shards totalling [0] bytes; the node is expected to continue to exceed the high disk watermark when these relocations are complete
[2021-01-28T17:36:54,064][WARN ][o.e.c.r.a.DiskThresholdMonitor] [] high disk watermark [90%] exceeded on [LoHWJV34SV62bbR5uyJrCA][][/Users/zhangfengxin/idea_workspace/elasticsearch/data/data/nodes/0] free: 7.5gb[6.7%], shards will be relocated away from this node; currently relocating away shards totalling [0] bytes; the node is expected to continue to exceed the high disk watermark when these relocations are complete
[2021-01-28T17:38:24,106][WARN ][o.e.c.r.a.DiskThresholdMonitor] [] high disk watermark [90%] exceeded on [LoHWJV34SV62bbR5uyJrCA][][/Users/zhangfengxin/idea_workspace/elasticsearch/data/data/nodes/0] free: 7.5gb[6.7%], shards will be relocated away from this node; currently relocating away shards totalling [0] bytes; the node is expected to continue to exceed the high disk watermark when these relocations are complete
[2021-01-28T17:39:24,114][WARN ][o.e.c.r.a.DiskThresholdMonitor] [] high disk watermark [90%] exceeded on [LoHWJV34SV62bbR5uyJrCA][][/Users/zhangfengxin/idea_workspace/elasticsearch/data/data/nodes/0] free: 6.5gb[5.8%], shards will be relocated away from this node; currently relocating away shards totalling [0] bytes; the node is expected to continue to exceed the high disk watermark when these relocations are complete
[2021-01-28T17:39:54,118][WARN ][o.e.c.r.a.DiskThresholdMonitor] [] flood stage disk watermark [95%] exceeded on [LoHWJV34SV62bbR5uyJrCA][][/Users/zhangfengxin/idea_workspace/elasticsearch/data/data/nodes/0] free: 5.5gb[4.9%], all indices on this node will be marked read-only
[2021-01-28T17:40:24,121][WARN ][o.e.c.r.a.DiskThresholdMonitor] [] flood stage disk watermark [95%] exceeded on [LoHWJV34SV62bbR5uyJrCA][][/Users/zhangfengxin/idea_workspace/elasticsearch/data/data/nodes/0] free: 4.5gb[4%], all indices on this node will be marked read-only
[2021-01-28T17:40:54,129][WARN ][o.e.c.r.a.DiskThresholdMonitor] [] flood stage disk watermark [95%] exceeded on [LoHWJV34SV62bbR5uyJrCA][][/Users/zhangfengxin/idea_workspace/elasticsearch/data/data/nodes/0] free: 5.5gb[4.9%], all indices on this node will be marked read-only
[2021-01-28T17:41:24,135][WARN ][o.e.c.r.a.DiskThresholdMonitor] [] flood stage disk watermark [95%] exceeded on [LoHWJV34SV62bbR5uyJrCA][][/Users/zhangfengxin/idea_workspace/elasticsearch/data/data/nodes/0] free: 5.5gb[4.9%], all indices on this node will be marked read-only
[2021-01-28T17:41:54,146][WARN ][o.e.c.r.a.DiskThresholdMonitor] [] flood stage disk watermark [95%] exceeded on [LoHWJV34SV62bbR5uyJrCA][][/Users/zhangfengxin/idea_workspace/elasticsearch/data/data/nodes/0] free: 5.5gb[4.9%], all indices on this node will be marked read-only
[2021-01-28T17:42:24,153][WARN ][o.e.c.r.a.DiskThresholdMonitor] [] flood stage disk watermark [95%] exceeded on [LoHWJV34SV62bbR5uyJrCA][][/Users/zhangfengxin/idea_workspace/elasticsearch/data/data/nodes/0] free: 5.5gb[4.9%], all indices on this node will be marked read-only
[2021-01-28T17:42:54,190][WARN ][o.e.c.r.a.DiskThresholdMonitor] [] high disk watermark [90%] exceeded on [LoHWJV34SV62bbR5uyJrCA][][/Users/zhangfengxin/idea_workspace/elasticsearch/data/data/nodes/0] free: 6.5gb[5.8%], shards will be relocated away from this node; currently relocating away shards totalling [0] bytes; the node is expected to continue to exceed the high disk watermark when these relocations are complete
[2021-01-28T17:43:54,190][WARN ][o.e.c.r.a.DiskThresholdMonitor] [] flood stage disk watermark [95%] exceeded on [LoHWJV34SV62bbR5uyJrCA][][/Users/zhangfengxin/idea_workspace/elasticsearch/data/data/nodes/0] free: 5.5gb[4.9%], all indices on this node will be marked read-only
[2021-01-28T17:44:24,237][WARN ][o.e.c.r.a.DiskThresholdMonitor] [] flood stage disk watermark [95%] exceeded on [LoHWJV34SV62bbR5uyJrCA][][/Users/zhangfengxin/idea_workspace/elasticsearch/data/data/nodes/0] free: 4.5gb[4%], all indices on this node will be marked read-only
[2021-01-28T17:44:54,240][WARN ][o.e.c.r.a.DiskThresholdMonitor] [] flood stage disk watermark [95%] exceeded on [LoHWJV34SV62bbR5uyJrCA][][/Users/zhangfengxin/idea_workspace/elasticsearch/data/data/nodes/0] free: 5.5gb[4.9%], all indices on this node will be marked read-only
[2021-01-28T17:45:24,253][WARN ][o.e.c.r.a.DiskThresholdMonitor] [] flood stage disk watermark [95%] exceeded on [LoHWJV34SV62bbR5uyJrCA][][/Users/zhangfengxin/idea_workspace/elasticsearch/data/data/nodes/0] free: 4.5gb[4%], all indices on this node will be marked read-only
[2021-01-28T17:45:54,267][WARN ][o.e.c.r.a.DiskThresholdMonitor] [] flood stage disk watermark [95%] exceeded on [LoHWJV34SV62bbR5uyJrCA][][/Users/zhangfengxin/idea_workspace/elasticsearch/data/data/nodes/0] free: 4.5gb[4%], all indices on this node will be marked read-only
[2021-01-28T17:46:24,272][WARN ][o.e.c.r.a.DiskThresholdMonitor] [] flood stage disk watermark [95%] exceeded on [LoHWJV34SV62bbR5uyJrCA][][/Users/zhangfengxin/idea_workspace/elasticsearch/data/data/nodes/0] free: 5.5gb[4.9%], all indices on this node will be marked read-only
[2021-01-28T17:46:54,322][WARN ][o.e.c.r.a.DiskThresholdMonitor] [] high disk watermark [90%] exceeded on [LoHWJV34SV62bbR5uyJrCA][][/Users/zhangfengxin/idea_workspace/elasticsearch/data/data/nodes/0] free: 6.5gb[5.8%], shards will be relocated away from this node; currently relocating away shards totalling [0] bytes; the node is expected to continue to exceed the high disk watermark when these relocations are complete
[2021-01-28T17:47:54,350][WARN ][o.e.c.r.a.DiskThresholdMonitor] [] high disk watermark [90%] exceeded on [LoHWJV34SV62bbR5uyJrCA][][/Users/zhangfengxin/idea_workspace/elasticsearch/data/data/nodes/0] free: 6.5gb[5.8%], shards will be relocated away from this node; currently relocating away shards totalling [0] bytes; the node is expected to continue to exceed the high disk watermark when these relocations are complete
[2021-01-28T17:48:24,344][WARN ][o.e.c.r.a.DiskThresholdMonitor] [] flood stage disk watermark [95%] exceeded on [LoHWJV34SV62bbR5uyJrCA][][/Users/zhangfengxin/idea_workspace/elasticsearch/data/data/nodes/0] free: 5.5gb[4.9%], all indices on this node will be marked read-only
[2021-01-28T17:48:54,346][WARN ][o.e.c.r.a.DiskThresholdMonitor] [] flood stage disk watermark [95%] exceeded on [LoHWJV34SV62bbR5uyJrCA][][/Users/zhangfengxin/idea_workspace/elasticsearch/data/data/nodes/0] free: 4.5gb[4%], all indices on this node will be marked read-only
[2021-01-28T17:49:24,357][WARN ][o.e.c.r.a.DiskThresholdMonitor] [] flood stage disk watermark [95%] exceeded on [LoHWJV34SV62bbR5uyJrCA][][/Users/zhangfengxin/idea_workspace/elasticsearch/data/data/nodes/0] free: 5.5gb[4.9%], all indices on this node will be marked read-only
[2021-01-28T17:49:53,447][INFO ][o.e.x.m.p.NativeController] [] Native controller process has stopped - no new native processes can be started
[2021-01-28T17:49:53,962][INFO ][o.e.n.Node               ] [] stopping ...
[2021-01-28T18:17:36,926][INFO ][o.e.n.Node               ] [] version[7.10.0], pid[79698], build[unknown/unknown/unknown/unknown], OS[Mac OS X/10.14.5/x86_64], JVM[Oracle Corporation/Java HotSpot(TM) 64-Bit Server VM/11.0.9/11.0.9+7-LTS]
[2021-01-28T18:17:36,978][INFO ][o.e.n.Node               ] [] JVM home [/Library/Java/JavaVirtualMachines/jdk-11.0.9.jdk/Contents/Home]
[2021-01-28T18:17:37,020][INFO ][o.e.n.Node               ] [] JVM arguments [-agentlib:jdwp=transport=dt_socket,address=127.0.0.1:61647,suspend=y,server=n, -Des.path.conf=/Users/zhangfengxin/idea_workspace/elasticsearch/source, -Des.path.home=/Users/zhangfengxin/idea_workspace/elasticsearch/data, -Dlog4j2.disable.jmx=true, -Djava.security.policy=/Users/zhangfengxin/idea_workspace/elasticsearch/source/elasticsearch.policy, -javaagent:/Users/zhangfengxin/Library/Caches/JetBrains/IntelliJIdea2020.1/groovyHotSwap/gragent.jar, -javaagent:/Users/zhangfengxin/Library/Caches/JetBrains/IntelliJIdea2020.1/captureAgent/debugger-agent.jar, -Dfile.encoding=UTF-8]
[2021-01-28T18:36:20,594][INFO ][o.e.n.Node               ] [] version[7.10.0], pid[81571], build[unknown/unknown/unknown/unknown], OS[Mac OS X/10.14.5/x86_64], JVM[Oracle Corporation/Java HotSpot(TM) 64-Bit Server VM/11.0.9/11.0.9+7-LTS]
[2021-01-28T18:36:20,644][INFO ][o.e.n.Node               ] [] JVM home [/Library/Java/JavaVirtualMachines/jdk-11.0.9.jdk/Contents/Home]
[2021-01-28T18:36:20,684][INFO ][o.e.n.Node               ] [] JVM arguments [-agentlib:jdwp=transport=dt_socket,address=127.0.0.1:62196,suspend=y,server=n, -Des.path.conf=/Users/zhangfengxin/idea_workspace/elasticsearch/source, -Des.path.home=/Users/zhangfengxin/idea_workspace/elasticsearch/data, -Dlog4j2.disable.jmx=true, -Djava.security.policy=/Users/zhangfengxin/idea_workspace/elasticsearch/source/elasticsearch.policy, -javaagent:/Users/zhangfengxin/Library/Caches/JetBrains/IntelliJIdea2020.1/groovyHotSwap/gragent.jar, -javaagent:/Users/zhangfengxin/Library/Caches/JetBrains/IntelliJIdea2020.1/captureAgent/debugger-agent.jar, -Dfile.encoding=UTF-8]
